2016-06-20 9:08:49 - PHP Notice:  Undefined index: minimum in C:\xampp\htdocs\shop\catalog\view\theme\default\template\module\featured.tpl on line 39
2016-06-20 9:08:49 - PHP Notice:  Undefined index: minimum in C:\xampp\htdocs\shop\catalog\view\theme\default\template\module\featured.tpl on line 39
2016-06-20 9:08:49 - PHP Notice:  Undefined index: minimum in C:\xampp\htdocs\shop\catalog\view\theme\default\template\module\featured.tpl on line 39
2016-06-20 9:24:58 - PHP Notice:  Undefined index: minimum in C:\xampp\htdocs\shop\system\storage\modification\catalog\view\theme\default\template\module\featured.tpl on line 39
2016-06-20 9:24:58 - PHP Notice:  Undefined index: minimum in C:\xampp\htdocs\shop\system\storage\modification\catalog\view\theme\default\template\module\featured.tpl on line 39
2016-06-20 9:26:30 - PHP Notice:  Undefined index: minimum in C:\xampp\htdocs\shop\system\storage\modification\catalog\view\theme\default\template\module\featured.tpl on line 39
2016-06-20 9:26:30 - PHP Notice:  Undefined index: minimum in C:\xampp\htdocs\shop\system\storage\modification\catalog\view\theme\default\template\module\featured.tpl on line 39
2016-06-20 9:26:44 - PHP Notice:  Undefined index: minimum in C:\xampp\htdocs\shop\system\storage\modification\catalog\view\theme\default\template\module\featured.tpl on line 39
2016-06-20 9:26:44 - PHP Notice:  Undefined index: minimum in C:\xampp\htdocs\shop\system\storage\modification\catalog\view\theme\default\template\module\featured.tpl on line 39
2016-06-20 9:26:52 - PHP Notice:  Undefined index: minimum in C:\xampp\htdocs\shop\system\storage\modification\catalog\view\theme\default\template\module\featured.tpl on line 39
2016-06-20 9:26:52 - PHP Notice:  Undefined index: minimum in C:\xampp\htdocs\shop\system\storage\modification\catalog\view\theme\default\template\module\featured.tpl on line 39
2016-06-20 9:27:11 - PHP Notice:  Undefined index: minimum in C:\xampp\htdocs\shop\system\storage\modification\catalog\view\theme\default\template\module\featured.tpl on line 39
2016-06-20 9:27:11 - PHP Notice:  Undefined index: minimum in C:\xampp\htdocs\shop\system\storage\modification\catalog\view\theme\default\template\module\featured.tpl on line 39
2016-06-24 11:32:16 - PHP Notice:  Undefined index: minimum in C:\xampp\htdocs\shop\system\storage\modification\catalog\view\theme\default\template\module\featured.tpl on line 39
2016-06-24 11:32:16 - PHP Notice:  Undefined index: minimum in C:\xampp\htdocs\shop\system\storage\modification\catalog\view\theme\default\template\module\featured.tpl on line 39
2016-06-24 12:04:28 - PHP Notice:  Undefined variable: product_id in C:\xampp\htdocs\shop\admin\view\template\catalog\product_list.tpl on line 116
2016-06-24 12:04:28 - PHP Notice:  Undefined variable: product_id in C:\xampp\htdocs\shop\admin\view\template\catalog\product_list.tpl on line 116
2016-06-24 12:04:28 - PHP Notice:  Undefined variable: product_id in C:\xampp\htdocs\shop\admin\view\template\catalog\product_list.tpl on line 116
2016-06-24 12:04:28 - PHP Notice:  Undefined variable: product_id in C:\xampp\htdocs\shop\admin\view\template\catalog\product_list.tpl on line 116
2016-06-24 12:26:20 - PHP Notice:  Undefined index: keyword in C:\xampp\htdocs\shop\admin\controller\catalog\product.php on line 1323
2016-06-24 12:26:20 - PHP Notice:  Undefined index: sku in C:\xampp\htdocs\shop\admin\model\catalog\product.php on line 130
2016-06-24 12:26:20 - PHP Notice:  Undefined index: upc in C:\xampp\htdocs\shop\admin\model\catalog\product.php on line 130
2016-06-24 12:26:20 - PHP Notice:  Undefined index: ean in C:\xampp\htdocs\shop\admin\model\catalog\product.php on line 130
2016-06-24 12:26:20 - PHP Notice:  Undefined index: jan in C:\xampp\htdocs\shop\admin\model\catalog\product.php on line 130
2016-06-24 12:26:20 - PHP Notice:  Undefined index: isbn in C:\xampp\htdocs\shop\admin\model\catalog\product.php on line 130
2016-06-24 12:26:20 - PHP Notice:  Undefined index: mpn in C:\xampp\htdocs\shop\admin\model\catalog\product.php on line 130
2016-06-24 12:26:20 - PHP Notice:  Undefined index: location in C:\xampp\htdocs\shop\admin\model\catalog\product.php on line 130
2016-06-24 12:26:20 - PHP Notice:  Undefined index: manufacturer_id in C:\xampp\htdocs\shop\admin\model\catalog\product.php on line 130
2016-06-24 12:26:20 - PHP Notice:  Undefined index: price in C:\xampp\htdocs\shop\admin\model\catalog\product.php on line 130
2016-06-24 12:26:20 - PHP Notice:  Undefined index: weight in C:\xampp\htdocs\shop\admin\model\catalog\product.php on line 130
2016-06-24 12:26:20 - PHP Notice:  Undefined index: weight_class_id in C:\xampp\htdocs\shop\admin\model\catalog\product.php on line 130
2016-06-24 12:26:20 - PHP Notice:  Undefined index: length in C:\xampp\htdocs\shop\admin\model\catalog\product.php on line 130
2016-06-24 12:26:20 - PHP Notice:  Undefined index: width in C:\xampp\htdocs\shop\admin\model\catalog\product.php on line 130
2016-06-24 12:26:20 - PHP Notice:  Undefined index: height in C:\xampp\htdocs\shop\admin\model\catalog\product.php on line 130
2016-06-24 12:26:20 - PHP Notice:  Undefined index: length_class_id in C:\xampp\htdocs\shop\admin\model\catalog\product.php on line 130
2016-06-24 12:26:20 - PHP Notice:  Undefined index: tax_class_id in C:\xampp\htdocs\shop\admin\model\catalog\product.php on line 130
2016-06-24 12:26:20 - PHP Notice:  Undefined index: meta_description in C:\xampp\htdocs\shop\admin\model\catalog\product.php on line 139
2016-06-24 12:26:20 - PHP Notice:  Undefined index: meta_keyword in C:\xampp\htdocs\shop\admin\model\catalog\product.php on line 139
2016-06-24 12:26:20 - PHP Notice:  Undefined index: keyword in C:\xampp\htdocs\shop\admin\model\catalog\product.php on line 266
2016-06-24 12:26:24 - PHP Notice:  Undefined index: minimum in C:\xampp\htdocs\shop\system\storage\modification\catalog\view\theme\default\template\module\featured.tpl on line 39
2016-06-24 12:26:24 - PHP Notice:  Undefined index: minimum in C:\xampp\htdocs\shop\system\storage\modification\catalog\view\theme\default\template\module\featured.tpl on line 39
2016-06-24 12:26:41 - PHP Notice:  Undefined index: keyword in C:\xampp\htdocs\shop\admin\controller\catalog\product.php on line 1323
2016-06-24 12:26:41 - PHP Notice:  Undefined index: sku in C:\xampp\htdocs\shop\admin\model\catalog\product.php on line 130
2016-06-24 12:26:41 - PHP Notice:  Undefined index: upc in C:\xampp\htdocs\shop\admin\model\catalog\product.php on line 130
2016-06-24 12:26:41 - PHP Notice:  Undefined index: ean in C:\xampp\htdocs\shop\admin\model\catalog\product.php on line 130
2016-06-24 12:26:41 - PHP Notice:  Undefined index: jan in C:\xampp\htdocs\shop\admin\model\catalog\product.php on line 130
2016-06-24 12:26:41 - PHP Notice:  Undefined index: isbn in C:\xampp\htdocs\shop\admin\model\catalog\product.php on line 130
2016-06-24 12:26:41 - PHP Notice:  Undefined index: mpn in C:\xampp\htdocs\shop\admin\model\catalog\product.php on line 130
2016-06-24 12:26:41 - PHP Notice:  Undefined index: location in C:\xampp\htdocs\shop\admin\model\catalog\product.php on line 130
2016-06-24 12:26:41 - PHP Notice:  Undefined index: manufacturer_id in C:\xampp\htdocs\shop\admin\model\catalog\product.php on line 130
2016-06-24 12:26:41 - PHP Notice:  Undefined index: price in C:\xampp\htdocs\shop\admin\model\catalog\product.php on line 130
2016-06-24 12:26:41 - PHP Notice:  Undefined index: weight in C:\xampp\htdocs\shop\admin\model\catalog\product.php on line 130
2016-06-24 12:26:41 - PHP Notice:  Undefined index: weight_class_id in C:\xampp\htdocs\shop\admin\model\catalog\product.php on line 130
2016-06-24 12:26:41 - PHP Notice:  Undefined index: length in C:\xampp\htdocs\shop\admin\model\catalog\product.php on line 130
2016-06-24 12:26:41 - PHP Notice:  Undefined index: width in C:\xampp\htdocs\shop\admin\model\catalog\product.php on line 130
2016-06-24 12:26:41 - PHP Notice:  Undefined index: height in C:\xampp\htdocs\shop\admin\model\catalog\product.php on line 130
2016-06-24 12:26:41 - PHP Notice:  Undefined index: length_class_id in C:\xampp\htdocs\shop\admin\model\catalog\product.php on line 130
2016-06-24 12:26:41 - PHP Notice:  Undefined index: tax_class_id in C:\xampp\htdocs\shop\admin\model\catalog\product.php on line 130
2016-06-24 12:26:41 - PHP Notice:  Undefined index: meta_description in C:\xampp\htdocs\shop\admin\model\catalog\product.php on line 139
2016-06-24 12:26:41 - PHP Notice:  Undefined index: meta_keyword in C:\xampp\htdocs\shop\admin\model\catalog\product.php on line 139
2016-06-24 12:26:41 - PHP Notice:  Undefined index: keyword in C:\xampp\htdocs\shop\admin\model\catalog\product.php on line 266
2016-06-24 12:26:44 - PHP Notice:  Undefined index: minimum in C:\xampp\htdocs\shop\system\storage\modification\catalog\view\theme\default\template\module\featured.tpl on line 39
2016-06-24 12:26:44 - PHP Notice:  Undefined index: minimum in C:\xampp\htdocs\shop\system\storage\modification\catalog\view\theme\default\template\module\featured.tpl on line 39
2016-06-24 12:27:01 - PHP Notice:  Undefined index: keyword in C:\xampp\htdocs\shop\admin\controller\catalog\product.php on line 1323
2016-06-24 12:27:01 - PHP Notice:  Undefined index: sku in C:\xampp\htdocs\shop\admin\model\catalog\product.php on line 130
2016-06-24 12:27:01 - PHP Notice:  Undefined index: upc in C:\xampp\htdocs\shop\admin\model\catalog\product.php on line 130
2016-06-24 12:27:01 - PHP Notice:  Undefined index: ean in C:\xampp\htdocs\shop\admin\model\catalog\product.php on line 130
2016-06-24 12:27:01 - PHP Notice:  Undefined index: jan in C:\xampp\htdocs\shop\admin\model\catalog\product.php on line 130
2016-06-24 12:27:01 - PHP Notice:  Undefined index: isbn in C:\xampp\htdocs\shop\admin\model\catalog\product.php on line 130
2016-06-24 12:27:01 - PHP Notice:  Undefined index: mpn in C:\xampp\htdocs\shop\admin\model\catalog\product.php on line 130
2016-06-24 12:27:01 - PHP Notice:  Undefined index: location in C:\xampp\htdocs\shop\admin\model\catalog\product.php on line 130
2016-06-24 12:27:01 - PHP Notice:  Undefined index: manufacturer_id in C:\xampp\htdocs\shop\admin\model\catalog\product.php on line 130
2016-06-24 12:27:01 - PHP Notice:  Undefined index: price in C:\xampp\htdocs\shop\admin\model\catalog\product.php on line 130
2016-06-24 12:27:01 - PHP Notice:  Undefined index: weight in C:\xampp\htdocs\shop\admin\model\catalog\product.php on line 130
2016-06-24 12:27:01 - PHP Notice:  Undefined index: weight_class_id in C:\xampp\htdocs\shop\admin\model\catalog\product.php on line 130
2016-06-24 12:27:01 - PHP Notice:  Undefined index: length in C:\xampp\htdocs\shop\admin\model\catalog\product.php on line 130
2016-06-24 12:27:01 - PHP Notice:  Undefined index: width in C:\xampp\htdocs\shop\admin\model\catalog\product.php on line 130
2016-06-24 12:27:01 - PHP Notice:  Undefined index: height in C:\xampp\htdocs\shop\admin\model\catalog\product.php on line 130
2016-06-24 12:27:01 - PHP Notice:  Undefined index: length_class_id in C:\xampp\htdocs\shop\admin\model\catalog\product.php on line 130
2016-06-24 12:27:01 - PHP Notice:  Undefined index: tax_class_id in C:\xampp\htdocs\shop\admin\model\catalog\product.php on line 130
2016-06-24 12:27:01 - PHP Notice:  Undefined index: meta_description in C:\xampp\htdocs\shop\admin\model\catalog\product.php on line 139
2016-06-24 12:27:01 - PHP Notice:  Undefined index: meta_keyword in C:\xampp\htdocs\shop\admin\model\catalog\product.php on line 139
2016-06-24 12:27:01 - PHP Notice:  Undefined index: keyword in C:\xampp\htdocs\shop\admin\model\catalog\product.php on line 266
2016-06-24 12:31:47 - PHP Notice:  Undefined index: keyword in C:\xampp\htdocs\shop\admin\controller\catalog\product.php on line 1323
2016-06-24 12:31:47 - PHP Notice:  Undefined index: sku in C:\xampp\htdocs\shop\admin\model\catalog\product.php on line 4
2016-06-24 12:31:47 - PHP Notice:  Undefined index: upc in C:\xampp\htdocs\shop\admin\model\catalog\product.php on line 4
2016-06-24 12:31:47 - PHP Notice:  Undefined index: ean in C:\xampp\htdocs\shop\admin\model\catalog\product.php on line 4
2016-06-24 12:31:47 - PHP Notice:  Undefined index: jan in C:\xampp\htdocs\shop\admin\model\catalog\product.php on line 4
2016-06-24 12:31:47 - PHP Notice:  Undefined index: isbn in C:\xampp\htdocs\shop\admin\model\catalog\product.php on line 4
2016-06-24 12:31:47 - PHP Notice:  Undefined index: mpn in C:\xampp\htdocs\shop\admin\model\catalog\product.php on line 4
2016-06-24 12:31:47 - PHP Notice:  Undefined index: location in C:\xampp\htdocs\shop\admin\model\catalog\product.php on line 4
2016-06-24 12:31:47 - PHP Notice:  Undefined index: manufacturer_id in C:\xampp\htdocs\shop\admin\model\catalog\product.php on line 4
2016-06-24 12:31:47 - PHP Notice:  Undefined index: price in C:\xampp\htdocs\shop\admin\model\catalog\product.php on line 4
2016-06-24 12:31:47 - PHP Notice:  Undefined index: weight in C:\xampp\htdocs\shop\admin\model\catalog\product.php on line 4
2016-06-24 12:31:47 - PHP Notice:  Undefined index: weight_class_id in C:\xampp\htdocs\shop\admin\model\catalog\product.php on line 4
2016-06-24 12:31:47 - PHP Notice:  Undefined index: length in C:\xampp\htdocs\shop\admin\model\catalog\product.php on line 4
2016-06-24 12:31:47 - PHP Notice:  Undefined index: width in C:\xampp\htdocs\shop\admin\model\catalog\product.php on line 4
2016-06-24 12:31:47 - PHP Notice:  Undefined index: height in C:\xampp\htdocs\shop\admin\model\catalog\product.php on line 4
2016-06-24 12:31:47 - PHP Notice:  Undefined index: length_class_id in C:\xampp\htdocs\shop\admin\model\catalog\product.php on line 4
2016-06-24 12:31:47 - PHP Notice:  Undefined index: tax_class_id in C:\xampp\htdocs\shop\admin\model\catalog\product.php on line 4
2016-06-24 12:31:47 - PHP Notice:  Undefined index: meta_description in C:\xampp\htdocs\shop\admin\model\catalog\product.php on line 13
2016-06-24 12:31:47 - PHP Notice:  Undefined index: meta_keyword in C:\xampp\htdocs\shop\admin\model\catalog\product.php on line 13
2016-06-24 12:31:51 - PHP Notice:  Undefined index: minimum in C:\xampp\htdocs\shop\system\storage\modification\catalog\view\theme\default\template\module\featured.tpl on line 39
2016-06-24 12:31:51 - PHP Notice:  Undefined index: minimum in C:\xampp\htdocs\shop\system\storage\modification\catalog\view\theme\default\template\module\featured.tpl on line 39
2016-06-24 12:32:14 - PHP Notice:  Undefined index: keyword in C:\xampp\htdocs\shop\admin\controller\catalog\product.php on line 1323
2016-06-24 12:32:14 - PHP Notice:  Undefined index: sku in C:\xampp\htdocs\shop\admin\model\catalog\product.php on line 130
2016-06-24 12:32:14 - PHP Notice:  Undefined index: upc in C:\xampp\htdocs\shop\admin\model\catalog\product.php on line 130
2016-06-24 12:32:14 - PHP Notice:  Undefined index: ean in C:\xampp\htdocs\shop\admin\model\catalog\product.php on line 130
2016-06-24 12:32:14 - PHP Notice:  Undefined index: jan in C:\xampp\htdocs\shop\admin\model\catalog\product.php on line 130
2016-06-24 12:32:14 - PHP Notice:  Undefined index: isbn in C:\xampp\htdocs\shop\admin\model\catalog\product.php on line 130
2016-06-24 12:32:14 - PHP Notice:  Undefined index: mpn in C:\xampp\htdocs\shop\admin\model\catalog\product.php on line 130
2016-06-24 12:32:14 - PHP Notice:  Undefined index: location in C:\xampp\htdocs\shop\admin\model\catalog\product.php on line 130
2016-06-24 12:32:14 - PHP Notice:  Undefined index: manufacturer_id in C:\xampp\htdocs\shop\admin\model\catalog\product.php on line 130
2016-06-24 12:32:14 - PHP Notice:  Undefined index: price in C:\xampp\htdocs\shop\admin\model\catalog\product.php on line 130
2016-06-24 12:32:14 - PHP Notice:  Undefined index: weight in C:\xampp\htdocs\shop\admin\model\catalog\product.php on line 130
2016-06-24 12:32:14 - PHP Notice:  Undefined index: weight_class_id in C:\xampp\htdocs\shop\admin\model\catalog\product.php on line 130
2016-06-24 12:32:14 - PHP Notice:  Undefined index: length in C:\xampp\htdocs\shop\admin\model\catalog\product.php on line 130
2016-06-24 12:32:14 - PHP Notice:  Undefined index: width in C:\xampp\htdocs\shop\admin\model\catalog\product.php on line 130
2016-06-24 12:32:14 - PHP Notice:  Undefined index: height in C:\xampp\htdocs\shop\admin\model\catalog\product.php on line 130
2016-06-24 12:32:14 - PHP Notice:  Undefined index: length_class_id in C:\xampp\htdocs\shop\admin\model\catalog\product.php on line 130
2016-06-24 12:32:14 - PHP Notice:  Undefined index: tax_class_id in C:\xampp\htdocs\shop\admin\model\catalog\product.php on line 130
2016-06-24 12:32:14 - PHP Notice:  Undefined index: meta_description in C:\xampp\htdocs\shop\admin\model\catalog\product.php on line 139
2016-06-24 12:32:14 - PHP Notice:  Undefined index: meta_keyword in C:\xampp\htdocs\shop\admin\model\catalog\product.php on line 139
2016-06-24 12:32:14 - PHP Notice:  Undefined index: keyword in C:\xampp\htdocs\shop\admin\model\catalog\product.php on line 266
2016-06-24 12:32:33 - PHP Notice:  Undefined index: keyword in C:\xampp\htdocs\shop\admin\controller\catalog\product.php on line 1323
2016-06-24 12:32:33 - PHP Notice:  Undefined index: sku in C:\xampp\htdocs\shop\admin\model\catalog\product.php on line 130
2016-06-24 12:32:33 - PHP Notice:  Undefined index: upc in C:\xampp\htdocs\shop\admin\model\catalog\product.php on line 130
2016-06-24 12:32:33 - PHP Notice:  Undefined index: ean in C:\xampp\htdocs\shop\admin\model\catalog\product.php on line 130
2016-06-24 12:32:33 - PHP Notice:  Undefined index: jan in C:\xampp\htdocs\shop\admin\model\catalog\product.php on line 130
2016-06-24 12:32:33 - PHP Notice:  Undefined index: isbn in C:\xampp\htdocs\shop\admin\model\catalog\product.php on line 130
2016-06-24 12:32:33 - PHP Notice:  Undefined index: mpn in C:\xampp\htdocs\shop\admin\model\catalog\product.php on line 130
2016-06-24 12:32:33 - PHP Notice:  Undefined index: location in C:\xampp\htdocs\shop\admin\model\catalog\product.php on line 130
2016-06-24 12:32:33 - PHP Notice:  Undefined index: manufacturer_id in C:\xampp\htdocs\shop\admin\model\catalog\product.php on line 130
2016-06-24 12:32:33 - PHP Notice:  Undefined index: price in C:\xampp\htdocs\shop\admin\model\catalog\product.php on line 130
2016-06-24 12:32:33 - PHP Notice:  Undefined index: weight in C:\xampp\htdocs\shop\admin\model\catalog\product.php on line 130
2016-06-24 12:32:33 - PHP Notice:  Undefined index: weight_class_id in C:\xampp\htdocs\shop\admin\model\catalog\product.php on line 130
2016-06-24 12:32:33 - PHP Notice:  Undefined index: length in C:\xampp\htdocs\shop\admin\model\catalog\product.php on line 130
2016-06-24 12:32:33 - PHP Notice:  Undefined index: width in C:\xampp\htdocs\shop\admin\model\catalog\product.php on line 130
2016-06-24 12:32:33 - PHP Notice:  Undefined index: height in C:\xampp\htdocs\shop\admin\model\catalog\product.php on line 130
2016-06-24 12:32:33 - PHP Notice:  Undefined index: length_class_id in C:\xampp\htdocs\shop\admin\model\catalog\product.php on line 130
2016-06-24 12:32:33 - PHP Notice:  Undefined index: tax_class_id in C:\xampp\htdocs\shop\admin\model\catalog\product.php on line 130
2016-06-24 12:32:33 - PHP Notice:  Undefined index: meta_description in C:\xampp\htdocs\shop\admin\model\catalog\product.php on line 139
2016-06-24 12:32:33 - PHP Notice:  Undefined index: meta_keyword in C:\xampp\htdocs\shop\admin\model\catalog\product.php on line 139
2016-06-24 12:32:33 - PHP Notice:  Undefined index: keyword in C:\xampp\htdocs\shop\admin\model\catalog\product.php on line 266
2016-06-24 12:32:39 - PHP Notice:  Undefined index: keyword in C:\xampp\htdocs\shop\admin\controller\catalog\product.php on line 1323
2016-06-24 12:32:39 - PHP Notice:  Undefined index: sku in C:\xampp\htdocs\shop\admin\model\catalog\product.php on line 130
2016-06-24 12:32:39 - PHP Notice:  Undefined index: upc in C:\xampp\htdocs\shop\admin\model\catalog\product.php on line 130
2016-06-24 12:32:39 - PHP Notice:  Undefined index: ean in C:\xampp\htdocs\shop\admin\model\catalog\product.php on line 130
2016-06-24 12:32:39 - PHP Notice:  Undefined index: jan in C:\xampp\htdocs\shop\admin\model\catalog\product.php on line 130
2016-06-24 12:32:39 - PHP Notice:  Undefined index: isbn in C:\xampp\htdocs\shop\admin\model\catalog\product.php on line 130
2016-06-24 12:32:39 - PHP Notice:  Undefined index: mpn in C:\xampp\htdocs\shop\admin\model\catalog\product.php on line 130
2016-06-24 12:32:39 - PHP Notice:  Undefined index: location in C:\xampp\htdocs\shop\admin\model\catalog\product.php on line 130
2016-06-24 12:32:39 - PHP Notice:  Undefined index: manufacturer_id in C:\xampp\htdocs\shop\admin\model\catalog\product.php on line 130
2016-06-24 12:32:39 - PHP Notice:  Undefined index: price in C:\xampp\htdocs\shop\admin\model\catalog\product.php on line 130
2016-06-24 12:32:39 - PHP Notice:  Undefined index: weight in C:\xampp\htdocs\shop\admin\model\catalog\product.php on line 130
2016-06-24 12:32:39 - PHP Notice:  Undefined index: weight_class_id in C:\xampp\htdocs\shop\admin\model\catalog\product.php on line 130
2016-06-24 12:32:39 - PHP Notice:  Undefined index: length in C:\xampp\htdocs\shop\admin\model\catalog\product.php on line 130
2016-06-24 12:32:39 - PHP Notice:  Undefined index: width in C:\xampp\htdocs\shop\admin\model\catalog\product.php on line 130
2016-06-24 12:32:39 - PHP Notice:  Undefined index: height in C:\xampp\htdocs\shop\admin\model\catalog\product.php on line 130
2016-06-24 12:32:39 - PHP Notice:  Undefined index: length_class_id in C:\xampp\htdocs\shop\admin\model\catalog\product.php on line 130
2016-06-24 12:32:39 - PHP Notice:  Undefined index: tax_class_id in C:\xampp\htdocs\shop\admin\model\catalog\product.php on line 130
2016-06-24 12:32:39 - PHP Notice:  Undefined index: meta_description in C:\xampp\htdocs\shop\admin\model\catalog\product.php on line 139
2016-06-24 12:32:39 - PHP Notice:  Undefined index: meta_keyword in C:\xampp\htdocs\shop\admin\model\catalog\product.php on line 139
2016-06-24 12:32:39 - PHP Notice:  Undefined index: keyword in C:\xampp\htdocs\shop\admin\model\catalog\product.php on line 266
2016-06-24 12:32:51 - PHP Notice:  Undefined index: keyword in C:\xampp\htdocs\shop\admin\controller\catalog\product.php on line 1323
2016-06-24 12:32:51 - PHP Notice:  Undefined index: sku in C:\xampp\htdocs\shop\admin\model\catalog\product.php on line 130
2016-06-24 12:32:51 - PHP Notice:  Undefined index: upc in C:\xampp\htdocs\shop\admin\model\catalog\product.php on line 130
2016-06-24 12:32:51 - PHP Notice:  Undefined index: ean in C:\xampp\htdocs\shop\admin\model\catalog\product.php on line 130
2016-06-24 12:32:51 - PHP Notice:  Undefined index: jan in C:\xampp\htdocs\shop\admin\model\catalog\product.php on line 130
2016-06-24 12:32:51 - PHP Notice:  Undefined index: isbn in C:\xampp\htdocs\shop\admin\model\catalog\product.php on line 130
2016-06-24 12:32:51 - PHP Notice:  Undefined index: mpn in C:\xampp\htdocs\shop\admin\model\catalog\product.php on line 130
2016-06-24 12:32:51 - PHP Notice:  Undefined index: location in C:\xampp\htdocs\shop\admin\model\catalog\product.php on line 130
2016-06-24 12:32:51 - PHP Notice:  Undefined index: manufacturer_id in C:\xampp\htdocs\shop\admin\model\catalog\product.php on line 130
2016-06-24 12:32:51 - PHP Notice:  Undefined index: price in C:\xampp\htdocs\shop\admin\model\catalog\product.php on line 130
2016-06-24 12:32:51 - PHP Notice:  Undefined index: weight in C:\xampp\htdocs\shop\admin\model\catalog\product.php on line 130
2016-06-24 12:32:51 - PHP Notice:  Undefined index: weight_class_id in C:\xampp\htdocs\shop\admin\model\catalog\product.php on line 130
2016-06-24 12:32:51 - PHP Notice:  Undefined index: length in C:\xampp\htdocs\shop\admin\model\catalog\product.php on line 130
2016-06-24 12:32:51 - PHP Notice:  Undefined index: width in C:\xampp\htdocs\shop\admin\model\catalog\product.php on line 130
2016-06-24 12:32:51 - PHP Notice:  Undefined index: height in C:\xampp\htdocs\shop\admin\model\catalog\product.php on line 130
2016-06-24 12:32:51 - PHP Notice:  Undefined index: length_class_id in C:\xampp\htdocs\shop\admin\model\catalog\product.php on line 130
2016-06-24 12:32:51 - PHP Notice:  Undefined index: tax_class_id in C:\xampp\htdocs\shop\admin\model\catalog\product.php on line 130
2016-06-24 12:32:51 - PHP Notice:  Undefined index: meta_description in C:\xampp\htdocs\shop\admin\model\catalog\product.php on line 139
2016-06-24 12:32:51 - PHP Notice:  Undefined index: meta_keyword in C:\xampp\htdocs\shop\admin\model\catalog\product.php on line 139
2016-06-24 12:32:51 - PHP Notice:  Undefined index: keyword in C:\xampp\htdocs\shop\admin\model\catalog\product.php on line 266
2016-06-24 12:32:57 - PHP Notice:  Undefined index: keyword in C:\xampp\htdocs\shop\admin\controller\catalog\product.php on line 1323
2016-06-24 12:32:57 - PHP Notice:  Undefined index: sku in C:\xampp\htdocs\shop\admin\model\catalog\product.php on line 130
2016-06-24 12:32:57 - PHP Notice:  Undefined index: upc in C:\xampp\htdocs\shop\admin\model\catalog\product.php on line 130
2016-06-24 12:32:57 - PHP Notice:  Undefined index: ean in C:\xampp\htdocs\shop\admin\model\catalog\product.php on line 130
2016-06-24 12:32:57 - PHP Notice:  Undefined index: jan in C:\xampp\htdocs\shop\admin\model\catalog\product.php on line 130
2016-06-24 12:32:57 - PHP Notice:  Undefined index: isbn in C:\xampp\htdocs\shop\admin\model\catalog\product.php on line 130
2016-06-24 12:32:57 - PHP Notice:  Undefined index: mpn in C:\xampp\htdocs\shop\admin\model\catalog\product.php on line 130
2016-06-24 12:32:57 - PHP Notice:  Undefined index: location in C:\xampp\htdocs\shop\admin\model\catalog\product.php on line 130
2016-06-24 12:32:57 - PHP Notice:  Undefined index: manufacturer_id in C:\xampp\htdocs\shop\admin\model\catalog\product.php on line 130
2016-06-24 12:32:57 - PHP Notice:  Undefined index: price in C:\xampp\htdocs\shop\admin\model\catalog\product.php on line 130
2016-06-24 12:32:57 - PHP Notice:  Undefined index: weight in C:\xampp\htdocs\shop\admin\model\catalog\product.php on line 130
2016-06-24 12:32:57 - PHP Notice:  Undefined index: weight_class_id in C:\xampp\htdocs\shop\admin\model\catalog\product.php on line 130
2016-06-24 12:32:57 - PHP Notice:  Undefined index: length in C:\xampp\htdocs\shop\admin\model\catalog\product.php on line 130
2016-06-24 12:32:57 - PHP Notice:  Undefined index: width in C:\xampp\htdocs\shop\admin\model\catalog\product.php on line 130
2016-06-24 12:32:57 - PHP Notice:  Undefined index: height in C:\xampp\htdocs\shop\admin\model\catalog\product.php on line 130
2016-06-24 12:32:57 - PHP Notice:  Undefined index: length_class_id in C:\xampp\htdocs\shop\admin\model\catalog\product.php on line 130
2016-06-24 12:32:57 - PHP Notice:  Undefined index: tax_class_id in C:\xampp\htdocs\shop\admin\model\catalog\product.php on line 130
2016-06-24 12:32:57 - PHP Notice:  Undefined index: meta_description in C:\xampp\htdocs\shop\admin\model\catalog\product.php on line 139
2016-06-24 12:32:57 - PHP Notice:  Undefined index: meta_keyword in C:\xampp\htdocs\shop\admin\model\catalog\product.php on line 139
2016-06-24 12:32:57 - PHP Notice:  Undefined index: keyword in C:\xampp\htdocs\shop\admin\model\catalog\product.php on line 266
2016-06-27 8:12:51 - PHP Notice:  Undefined index: minimum in C:\xampp\htdocs\shop\system\storage\modification\catalog\view\theme\default\template\module\featured.tpl on line 39
2016-06-27 8:12:51 - PHP Notice:  Undefined index: minimum in C:\xampp\htdocs\shop\system\storage\modification\catalog\view\theme\default\template\module\featured.tpl on line 39
2016-06-27 8:12:51 - PHP Notice:  Undefined index: minimum in C:\xampp\htdocs\shop\system\storage\modification\catalog\view\theme\default\template\module\featured.tpl on line 39
2016-06-27 8:13:14 - PHP Notice:  Undefined index: minimum in C:\xampp\htdocs\shop\system\storage\modification\catalog\view\theme\default\template\module\featured.tpl on line 39
2016-06-27 8:13:14 - PHP Notice:  Undefined index: minimum in C:\xampp\htdocs\shop\system\storage\modification\catalog\view\theme\default\template\module\featured.tpl on line 39
2016-06-27 8:13:14 - PHP Notice:  Undefined index: minimum in C:\xampp\htdocs\shop\system\storage\modification\catalog\view\theme\default\template\module\featured.tpl on line 39
2016-06-27 10:46:06 - PHP Warning:  mail(): Failed to connect to mailserver at &quot;localhost&quot; port 25, verify your &quot;SMTP&quot; and &quot;smtp_port&quot; setting in php.ini or use ini_set() in C:\xampp\htdocs\shop\system\library\mail.php on line 158
2016-06-27 10:46:07 - PHP Warning:  mail(): Failed to connect to mailserver at &quot;localhost&quot; port 25, verify your &quot;SMTP&quot; and &quot;smtp_port&quot; setting in php.ini or use ini_set() in C:\xampp\htdocs\shop\system\library\mail.php on line 158
2016-06-27 10:55:16 - PHP Warning:  mail(): Failed to connect to mailserver at &quot;localhost&quot; port 25, verify your &quot;SMTP&quot; and &quot;smtp_port&quot; setting in php.ini or use ini_set() in C:\xampp\htdocs\shop\system\library\mail.php on line 158
2016-06-27 10:57:03 - PHP Warning:  mail(): Failed to connect to mailserver at &quot;localhost&quot; port 25, verify your &quot;SMTP&quot; and &quot;smtp_port&quot; setting in php.ini or use ini_set() in C:\xampp\htdocs\shop\system\library\mail.php on line 158
2016-06-27 11:02:58 - PHP Warning:  mail(): Failed to connect to mailserver at &quot;localhost&quot; port 25, verify your &quot;SMTP&quot; and &quot;smtp_port&quot; setting in php.ini or use ini_set() in C:\xampp\htdocs\shop\system\library\mail.php on line 158
2016-06-27 11:02:59 - PHP Warning:  mail(): Failed to connect to mailserver at &quot;localhost&quot; port 25, verify your &quot;SMTP&quot; and &quot;smtp_port&quot; setting in php.ini or use ini_set() in C:\xampp\htdocs\shop\system\library\mail.php on line 158
2016-06-27 11:03:31 - PHP Warning:  mail(): Failed to connect to mailserver at &quot;localhost&quot; port 25, verify your &quot;SMTP&quot; and &quot;smtp_port&quot; setting in php.ini or use ini_set() in C:\xampp\htdocs\shop\system\library\mail.php on line 158
2016-06-27 11:03:32 - PHP Warning:  mail(): Failed to connect to mailserver at &quot;localhost&quot; port 25, verify your &quot;SMTP&quot; and &quot;smtp_port&quot; setting in php.ini or use ini_set() in C:\xampp\htdocs\shop\system\library\mail.php on line 158
2016-06-27 11:03:59 - PHP Warning:  mail(): Failed to connect to mailserver at &quot;localhost&quot; port 25, verify your &quot;SMTP&quot; and &quot;smtp_port&quot; setting in php.ini or use ini_set() in C:\xampp\htdocs\shop\system\library\mail.php on line 158
2016-06-27 11:04:00 - PHP Warning:  mail(): Failed to connect to mailserver at &quot;localhost&quot; port 25, verify your &quot;SMTP&quot; and &quot;smtp_port&quot; setting in php.ini or use ini_set() in C:\xampp\htdocs\shop\system\library\mail.php on line 158
2016-06-27 11:05:31 - PHP Warning:  mail(): Failed to connect to mailserver at &quot;localhost&quot; port 25, verify your &quot;SMTP&quot; and &quot;smtp_port&quot; setting in php.ini or use ini_set() in C:\xampp\htdocs\shop\system\library\mail.php on line 158
2016-06-27 11:05:32 - PHP Warning:  mail(): Failed to connect to mailserver at &quot;localhost&quot; port 25, verify your &quot;SMTP&quot; and &quot;smtp_port&quot; setting in php.ini or use ini_set() in C:\xampp\htdocs\shop\system\library\mail.php on line 158
2016-06-27 11:15:15 - PHP Warning:  mail(): Failed to connect to mailserver at &quot;localhost&quot; port 25, verify your &quot;SMTP&quot; and &quot;smtp_port&quot; setting in php.ini or use ini_set() in C:\xampp\htdocs\shop\system\library\mail.php on line 158
2016-06-27 11:15:16 - PHP Warning:  mail(): Failed to connect to mailserver at &quot;localhost&quot; port 25, verify your &quot;SMTP&quot; and &quot;smtp_port&quot; setting in php.ini or use ini_set() in C:\xampp\htdocs\shop\system\library\mail.php on line 158
2016-06-27 11:18:07 - PHP Warning:  fsockopen(): unable to connect to smtp.gmail.com:465 (A connection attempt failed because the connected party did not properly respond after a period of time, or established connection failed because connected host has failed to respond.
) in C:\xampp\htdocs\shop\system\library\mail.php on line 167
2016-06-27 11:22:59 - PHP Warning:  fsockopen(): unable to connect to ssl://smtp.gmail.com:465 (A connection attempt failed because the connected party did not properly respond after a period of time, or established connection failed because connected host has failed to respond.
) in C:\xampp\htdocs\shop\system\library\mail.php on line 167
2016-06-27 11:24:11 - PHP Warning:  fsockopen(): unable to connect to ssl://smtp.gmail.com:465 (A connection attempt failed because the connected party did not properly respond after a period of time, or established connection failed because connected host has failed to respond.
) in C:\xampp\htdocs\shop\system\library\mail.php on line 167
2016-06-27 11:25:29 - PHP Warning:  fsockopen(): unable to connect to ssl://smtp.gmail.com:465 (A connection attempt failed because the connected party did not properly respond after a period of time, or established connection failed because connected host has failed to respond.
) in C:\xampp\htdocs\shop\system\library\mail.php on line 167
2016-06-27 11:27:27 - PHP Warning:  fsockopen(): unable to connect to ssl://smtp.gmail.com:465 (A connection attempt failed because the connected party did not properly respond after a period of time, or established connection failed because connected host has failed to respond.
) in C:\xampp\htdocs\shop\system\library\mail.php on line 167
2016-06-27 11:29:56 - PHP Warning:  fsockopen(): unable to connect to ssl://smtp.gmail.com:465 (A connection attempt failed because the connected party did not properly respond after a period of time, or established connection failed because connected host has failed to respond.
) in C:\xampp\htdocs\shop\system\library\mail.php on line 167
2016-06-27 11:33:01 - PHP Warning:  fsockopen(): unable to connect to smtp.gmail.com:465 (A connection attempt failed because the connected party did not properly respond after a period of time, or established connection failed because connected host has failed to respond.
) in C:\xampp\htdocs\shop\system\library\mail.php on line 167
2016-06-27 11:40:00 - PHP Warning:  fsockopen(): unable to connect to ssl://smtp.gmail.com:465 (A connection attempt failed because the connected party did not properly respond after a period of time, or established connection failed because connected host has failed to respond.
) in C:\xampp\htdocs\shop\system\library\mail.php on line 167
2016-06-27 11:44:39 - PHP Warning:  fsockopen(): unable to connect to smtp.mail.com:587 (A connection attempt failed because the connected party did not properly respond after a period of time, or established connection failed because connected host has failed to respond.
) in C:\xampp\htdocs\shop\system\library\mail.php on line 167
2016-06-27 11:45:49 - PHP Warning:  fsockopen(): unable to connect to smtp.mail.com:587 (A connection attempt failed because the connected party did not properly respond after a period of time, or established connection failed because connected host has failed to respond.
) in C:\xampp\htdocs\shop\system\library\mail.php on line 167
2016-06-27 11:49:04 - PHP Warning:  fsockopen(): unable to connect to smtp.mail.com:587 (A connection attempt failed because the connected party did not properly respond after a period of time, or established connection failed because connected host has failed to respond.
) in C:\xampp\htdocs\shop\system\library\mail.php on line 167
2016-06-27 11:53:24 - PHP Warning:  fsockopen(): unable to connect to smtp.mail.com:587 (A connection attempt failed because the connected party did not properly respond after a period of time, or established connection failed because connected host has failed to respond.
) in C:\xampp\htdocs\shop\system\library\mail.php on line 167
2016-06-27 14:52:40 - PHP Notice:  Undefined variable: dataset in C:\xampp\htdocs\shop\admin\view\template\common\dashboard.tpl on line 45
2016-06-27 14:53:36 - PHP Notice:  Undefined variable: dataset in C:\xampp\htdocs\shop\admin\view\template\common\dashboard.tpl on line 45
2016-06-27 14:54:04 - PHP Notice:  Undefined variable: dataset in C:\xampp\htdocs\shop\admin\view\template\common\dashboard.tpl on line 45
2016-07-04 18:02:12 - PHP Notice:  Indirect modification of overloaded property ControllerCustomcustomtask::$data has no effect in C:\xampp\htdocs\shop\admin\controller\custom\customtask.php on line 25
2016-07-04 18:03:46 - PHP Notice:  Indirect modification of overloaded property ControllerCustomcustomtask::$data has no effect in C:\xampp\htdocs\shop\admin\controller\custom\customtask.php on line 25
2016-07-04 18:03:46 - PHP Notice:  Undefined variable: header in C:\xampp\htdocs\shop\admin\view\template\custom\customtask.tpl on line 2
2016-07-04 18:03:46 - PHP Notice:  Undefined variable: column_left in C:\xampp\htdocs\shop\admin\view\template\custom\customtask.tpl on line 3
2016-07-04 18:03:46 - PHP Notice:  Undefined variable: column_right in C:\xampp\htdocs\shop\admin\view\template\custom\customtask.tpl on line 4
2016-07-04 18:03:46 - PHP Notice:  Undefined variable: content_top in C:\xampp\htdocs\shop\admin\view\template\custom\customtask.tpl on line 7
2016-07-04 18:03:46 - PHP Notice:  Undefined variable: my_custom_text in C:\xampp\htdocs\shop\admin\view\template\custom\customtask.tpl on line 8
2016-07-04 18:03:46 - PHP Notice:  Undefined variable: content_bottom in C:\xampp\htdocs\shop\admin\view\template\custom\customtask.tpl on line 9
2016-07-04 18:03:46 - PHP Notice:  Undefined variable: footer in C:\xampp\htdocs\shop\admin\view\template\custom\customtask.tpl on line 12
2016-07-04 18:05:56 - PHP Notice:  Indirect modification of overloaded property ControllerCustomcustomtask::$data has no effect in C:\xampp\htdocs\shop\admin\controller\custom\customtask.php on line 27
2016-07-04 18:05:56 - PHP Notice:  Undefined variable: header in C:\xampp\htdocs\shop\admin\view\template\custom\customtask.tpl on line 2
2016-07-04 18:05:56 - PHP Notice:  Undefined variable: column_left in C:\xampp\htdocs\shop\admin\view\template\custom\customtask.tpl on line 3
2016-07-04 18:05:56 - PHP Notice:  Undefined variable: column_right in C:\xampp\htdocs\shop\admin\view\template\custom\customtask.tpl on line 4
2016-07-04 18:05:56 - PHP Notice:  Undefined variable: content_top in C:\xampp\htdocs\shop\admin\view\template\custom\customtask.tpl on line 7
2016-07-04 18:05:56 - PHP Notice:  Undefined variable: my_custom_text in C:\xampp\htdocs\shop\admin\view\template\custom\customtask.tpl on line 8
2016-07-04 18:05:56 - PHP Notice:  Undefined variable: content_bottom in C:\xampp\htdocs\shop\admin\view\template\custom\customtask.tpl on line 9
2016-07-04 18:05:56 - PHP Notice:  Undefined variable: footer in C:\xampp\htdocs\shop\admin\view\template\custom\customtask.tpl on line 12
2016-07-04 18:05:57 - PHP Notice:  Indirect modification of overloaded property ControllerCustomcustomtask::$data has no effect in C:\xampp\htdocs\shop\admin\controller\custom\customtask.php on line 27
2016-07-04 18:05:57 - PHP Notice:  Undefined variable: header in C:\xampp\htdocs\shop\admin\view\template\custom\customtask.tpl on line 2
2016-07-04 18:05:57 - PHP Notice:  Undefined variable: column_left in C:\xampp\htdocs\shop\admin\view\template\custom\customtask.tpl on line 3
2016-07-04 18:05:57 - PHP Notice:  Undefined variable: column_right in C:\xampp\htdocs\shop\admin\view\template\custom\customtask.tpl on line 4
2016-07-04 18:05:57 - PHP Notice:  Undefined variable: content_top in C:\xampp\htdocs\shop\admin\view\template\custom\customtask.tpl on line 7
2016-07-04 18:05:57 - PHP Notice:  Undefined variable: my_custom_text in C:\xampp\htdocs\shop\admin\view\template\custom\customtask.tpl on line 8
2016-07-04 18:05:57 - PHP Notice:  Undefined variable: content_bottom in C:\xampp\htdocs\shop\admin\view\template\custom\customtask.tpl on line 9
2016-07-04 18:05:57 - PHP Notice:  Undefined variable: footer in C:\xampp\htdocs\shop\admin\view\template\custom\customtask.tpl on line 12
2016-07-04 18:06:32 - PHP Notice:  Undefined variable: header in C:\xampp\htdocs\shop\admin\view\template\custom\customtask.tpl on line 2
2016-07-04 18:06:32 - PHP Notice:  Undefined variable: column_left in C:\xampp\htdocs\shop\admin\view\template\custom\customtask.tpl on line 3
2016-07-04 18:06:32 - PHP Notice:  Undefined variable: column_right in C:\xampp\htdocs\shop\admin\view\template\custom\customtask.tpl on line 4
2016-07-04 18:06:32 - PHP Notice:  Undefined variable: content_top in C:\xampp\htdocs\shop\admin\view\template\custom\customtask.tpl on line 7
2016-07-04 18:06:32 - PHP Notice:  Undefined variable: my_custom_text in C:\xampp\htdocs\shop\admin\view\template\custom\customtask.tpl on line 8
2016-07-04 18:06:32 - PHP Notice:  Undefined variable: content_bottom in C:\xampp\htdocs\shop\admin\view\template\custom\customtask.tpl on line 9
2016-07-04 18:06:32 - PHP Notice:  Undefined variable: footer in C:\xampp\htdocs\shop\admin\view\template\custom\customtask.tpl on line 12
2016-07-04 18:08:00 - PHP Notice:  Undefined variable: header in C:\xampp\htdocs\shop\admin\view\template\custom\customtask.tpl on line 2
2016-07-04 18:08:00 - PHP Notice:  Undefined variable: column_left in C:\xampp\htdocs\shop\admin\view\template\custom\customtask.tpl on line 3
2016-07-04 18:08:00 - PHP Notice:  Undefined variable: column_right in C:\xampp\htdocs\shop\admin\view\template\custom\customtask.tpl on line 4
2016-07-04 18:08:00 - PHP Notice:  Undefined variable: content_top in C:\xampp\htdocs\shop\admin\view\template\custom\customtask.tpl on line 7
2016-07-04 18:08:00 - PHP Notice:  Undefined variable: my_custom_text in C:\xampp\htdocs\shop\admin\view\template\custom\customtask.tpl on line 8
2016-07-04 18:08:00 - PHP Notice:  Undefined variable: content_bottom in C:\xampp\htdocs\shop\admin\view\template\custom\customtask.tpl on line 9
2016-07-04 18:08:00 - PHP Notice:  Undefined variable: footer in C:\xampp\htdocs\shop\admin\view\template\custom\customtask.tpl on line 12
2016-07-04 18:15:25 - PHP Notice:  Undefined variable: breadcrumbs in C:\xampp\htdocs\shop\admin\view\template\common\dashboard.tpl on line 19
2016-07-04 18:15:25 - PHP Warning:  Invalid argument supplied for foreach() in C:\xampp\htdocs\shop\admin\view\template\common\dashboard.tpl on line 19
2016-07-04 18:15:25 - PHP Notice:  Undefined variable: order in C:\xampp\htdocs\shop\admin\view\template\common\dashboard.tpl on line 32
2016-07-04 18:15:25 - PHP Notice:  Undefined variable: sale in C:\xampp\htdocs\shop\admin\view\template\common\dashboard.tpl on line 33
2016-07-04 18:15:25 - PHP Notice:  Undefined variable: customer in C:\xampp\htdocs\shop\admin\view\template\common\dashboard.tpl on line 34
2016-07-04 18:15:25 - PHP Notice:  Undefined variable: online in C:\xampp\htdocs\shop\admin\view\template\common\dashboard.tpl on line 35
2016-07-04 18:15:25 - PHP Notice:  Undefined variable: chart in C:\xampp\htdocs\shop\admin\view\template\common\dashboard.tpl on line 38
2016-07-04 18:15:25 - PHP Notice:  Undefined variable: activity in C:\xampp\htdocs\shop\admin\view\template\common\dashboard.tpl on line 53
2016-07-04 18:15:25 - PHP Notice:  Undefined variable: recent in C:\xampp\htdocs\shop\admin\view\template\common\dashboard.tpl on line 54
2016-07-04 18:17:16 - PHP Notice:  Undefined variable: breadcrumbs in C:\xampp\htdocs\shop\admin\view\template\common\dashboard.tpl on line 19
2016-07-04 18:17:16 - PHP Warning:  Invalid argument supplied for foreach() in C:\xampp\htdocs\shop\admin\view\template\common\dashboard.tpl on line 19
2016-07-04 18:17:16 - PHP Notice:  Undefined variable: order in C:\xampp\htdocs\shop\admin\view\template\common\dashboard.tpl on line 32
2016-07-04 18:17:16 - PHP Notice:  Undefined variable: sale in C:\xampp\htdocs\shop\admin\view\template\common\dashboard.tpl on line 33
2016-07-04 18:17:16 - PHP Notice:  Undefined variable: customer in C:\xampp\htdocs\shop\admin\view\template\common\dashboard.tpl on line 34
2016-07-04 18:17:16 - PHP Notice:  Undefined variable: online in C:\xampp\htdocs\shop\admin\view\template\common\dashboard.tpl on line 35
2016-07-04 18:17:16 - PHP Notice:  Undefined variable: chart in C:\xampp\htdocs\shop\admin\view\template\common\dashboard.tpl on line 38
2016-07-04 18:17:16 - PHP Notice:  Undefined variable: activity in C:\xampp\htdocs\shop\admin\view\template\common\dashboard.tpl on line 53
2016-07-04 18:17:16 - PHP Notice:  Undefined variable: recent in C:\xampp\htdocs\shop\admin\view\template\common\dashboard.tpl on line 54
2016-07-04 18:18:01 - PHP Notice:  Undefined variable: breadcrumbs in C:\xampp\htdocs\shop\admin\view\template\common\dashboard.tpl on line 19
2016-07-04 18:18:01 - PHP Warning:  Invalid argument supplied for foreach() in C:\xampp\htdocs\shop\admin\view\template\common\dashboard.tpl on line 19
2016-07-04 18:18:01 - PHP Notice:  Undefined variable: order in C:\xampp\htdocs\shop\admin\view\template\common\dashboard.tpl on line 32
2016-07-04 18:18:01 - PHP Notice:  Undefined variable: sale in C:\xampp\htdocs\shop\admin\view\template\common\dashboard.tpl on line 33
2016-07-04 18:18:01 - PHP Notice:  Undefined variable: customer in C:\xampp\htdocs\shop\admin\view\template\common\dashboard.tpl on line 34
2016-07-04 18:18:01 - PHP Notice:  Undefined variable: online in C:\xampp\htdocs\shop\admin\view\template\common\dashboard.tpl on line 35
2016-07-04 18:18:01 - PHP Notice:  Undefined variable: chart in C:\xampp\htdocs\shop\admin\view\template\common\dashboard.tpl on line 38
2016-07-04 18:18:01 - PHP Notice:  Undefined variable: activity in C:\xampp\htdocs\shop\admin\view\template\common\dashboard.tpl on line 53
2016-07-04 18:18:01 - PHP Notice:  Undefined variable: recent in C:\xampp\htdocs\shop\admin\view\template\common\dashboard.tpl on line 54
2016-07-04 18:18:46 - PHP Notice:  Undefined variable: breadcrumbs in C:\xampp\htdocs\shop\admin\view\template\common\dashboard.tpl on line 19
2016-07-04 18:18:46 - PHP Warning:  Invalid argument supplied for foreach() in C:\xampp\htdocs\shop\admin\view\template\common\dashboard.tpl on line 19
2016-07-04 18:18:46 - PHP Notice:  Undefined variable: order in C:\xampp\htdocs\shop\admin\view\template\common\dashboard.tpl on line 32
2016-07-04 18:18:46 - PHP Notice:  Undefined variable: sale in C:\xampp\htdocs\shop\admin\view\template\common\dashboard.tpl on line 33
2016-07-04 18:18:46 - PHP Notice:  Undefined variable: customer in C:\xampp\htdocs\shop\admin\view\template\common\dashboard.tpl on line 34
2016-07-04 18:18:46 - PHP Notice:  Undefined variable: online in C:\xampp\htdocs\shop\admin\view\template\common\dashboard.tpl on line 35
2016-07-04 18:18:46 - PHP Notice:  Undefined variable: chart in C:\xampp\htdocs\shop\admin\view\template\common\dashboard.tpl on line 38
2016-07-04 18:18:46 - PHP Notice:  Undefined variable: activity in C:\xampp\htdocs\shop\admin\view\template\common\dashboard.tpl on line 53
2016-07-04 18:18:46 - PHP Notice:  Undefined variable: recent in C:\xampp\htdocs\shop\admin\view\template\common\dashboard.tpl on line 54
2016-07-04 18:23:11 - PHP Notice:  Undefined variable: breadcrumbs in C:\xampp\htdocs\shop\admin\view\template\common\dashboard.tpl on line 19
2016-07-04 18:23:11 - PHP Warning:  Invalid argument supplied for foreach() in C:\xampp\htdocs\shop\admin\view\template\common\dashboard.tpl on line 19
2016-07-04 18:23:11 - PHP Notice:  Undefined variable: order in C:\xampp\htdocs\shop\admin\view\template\common\dashboard.tpl on line 32
2016-07-04 18:23:11 - PHP Notice:  Undefined variable: sale in C:\xampp\htdocs\shop\admin\view\template\common\dashboard.tpl on line 33
2016-07-04 18:23:11 - PHP Notice:  Undefined variable: customer in C:\xampp\htdocs\shop\admin\view\template\common\dashboard.tpl on line 34
2016-07-04 18:23:11 - PHP Notice:  Undefined variable: online in C:\xampp\htdocs\shop\admin\view\template\common\dashboard.tpl on line 35
2016-07-04 18:23:11 - PHP Notice:  Undefined variable: chart in C:\xampp\htdocs\shop\admin\view\template\common\dashboard.tpl on line 38
2016-07-04 18:23:11 - PHP Notice:  Undefined variable: activity in C:\xampp\htdocs\shop\admin\view\template\common\dashboard.tpl on line 53
2016-07-04 18:23:11 - PHP Notice:  Undefined variable: recent in C:\xampp\htdocs\shop\admin\view\template\common\dashboard.tpl on line 54
2016-07-04 18:24:52 - PHP Notice:  Undefined variable: breadcrumbs in C:\xampp\htdocs\shop\admin\view\template\common\dashboard.tpl on line 19
2016-07-04 18:24:52 - PHP Warning:  Invalid argument supplied for foreach() in C:\xampp\htdocs\shop\admin\view\template\common\dashboard.tpl on line 19
2016-07-04 18:24:52 - PHP Notice:  Undefined variable: order in C:\xampp\htdocs\shop\admin\view\template\common\dashboard.tpl on line 32
2016-07-04 18:24:52 - PHP Notice:  Undefined variable: sale in C:\xampp\htdocs\shop\admin\view\template\common\dashboard.tpl on line 33
2016-07-04 18:24:52 - PHP Notice:  Undefined variable: customer in C:\xampp\htdocs\shop\admin\view\template\common\dashboard.tpl on line 34
2016-07-04 18:24:52 - PHP Notice:  Undefined variable: online in C:\xampp\htdocs\shop\admin\view\template\common\dashboard.tpl on line 35
2016-07-04 18:24:52 - PHP Notice:  Undefined variable: chart in C:\xampp\htdocs\shop\admin\view\template\common\dashboard.tpl on line 38
2016-07-04 18:24:52 - PHP Notice:  Undefined variable: activity in C:\xampp\htdocs\shop\admin\view\template\common\dashboard.tpl on line 53
2016-07-04 18:24:52 - PHP Notice:  Undefined variable: recent in C:\xampp\htdocs\shop\admin\view\template\common\dashboard.tpl on line 54
2016-07-04 18:25:03 - PHP Notice:  Undefined variable: breadcrumbs in C:\xampp\htdocs\shop\admin\view\template\common\dashboard.tpl on line 19
2016-07-04 18:25:03 - PHP Warning:  Invalid argument supplied for foreach() in C:\xampp\htdocs\shop\admin\view\template\common\dashboard.tpl on line 19
2016-07-04 18:25:03 - PHP Notice:  Undefined variable: order in C:\xampp\htdocs\shop\admin\view\template\common\dashboard.tpl on line 32
2016-07-04 18:25:03 - PHP Notice:  Undefined variable: sale in C:\xampp\htdocs\shop\admin\view\template\common\dashboard.tpl on line 33
2016-07-04 18:25:03 - PHP Notice:  Undefined variable: customer in C:\xampp\htdocs\shop\admin\view\template\common\dashboard.tpl on line 34
2016-07-04 18:25:03 - PHP Notice:  Undefined variable: online in C:\xampp\htdocs\shop\admin\view\template\common\dashboard.tpl on line 35
2016-07-04 18:25:03 - PHP Notice:  Undefined variable: chart in C:\xampp\htdocs\shop\admin\view\template\common\dashboard.tpl on line 38
2016-07-04 18:25:03 - PHP Notice:  Undefined variable: activity in C:\xampp\htdocs\shop\admin\view\template\common\dashboard.tpl on line 53
2016-07-04 18:25:03 - PHP Notice:  Undefined variable: recent in C:\xampp\htdocs\shop\admin\view\template\common\dashboard.tpl on line 54
2016-07-04 18:28:14 - PHP Notice:  Undefined variable: breadcrumbs in C:\xampp\htdocs\shop\admin\view\template\custom\customtask.tpl on line 8
2016-07-04 18:28:14 - PHP Warning:  Invalid argument supplied for foreach() in C:\xampp\htdocs\shop\admin\view\template\custom\customtask.tpl on line 8
