This is pdfTeX, Version 3.14159265-2.6-1.40.16 (TeX Live 2015) (preloaded format=pdflatex 2016.1.12)  8 JUL 2016 22:46
entering extended mode
 \write18 enabled.
 %&-line parsing enabled.
**main.tex
(/compile/main.tex
LaTeX2e <2015/10/01> patch level 2
Babel <3.9n> and hyphenation patterns for 79 languages loaded.
(/usr/local/texlive/2015/texmf-dist/tex/latex/base/book.cls
Document Class: book 2014/09/29 v1.4h Standard LaTeX document class
(/usr/local/texlive/2015/texmf-dist/tex/latex/base/bk12.clo
File: bk12.clo 2014/09/29 v1.4h Standard LaTeX file (size option)
)
\c@part=\count79
\c@chapter=\count80
\c@section=\count81
\c@subsection=\count82
\c@subsubsection=\count83
\c@paragraph=\count84
\c@subparagraph=\count85
\c@figure=\count86
\c@table=\count87
\abovecaptionskip=\skip41
\belowcaptionskip=\skip42
\bibindent=\dimen102
) (/usr/local/texlive/2015/texmf-dist/tex/generic/babel/babel.sty
Package: babel 2016/01/08 3.9n The Babel package
(/usr/local/texlive/2015/texmf-dist/tex/generic/babel-english/english.ldf
Language: english 2012/08/20 v3.3p English support from the babel system
(/usr/local/texlive/2015/texmf-dist/tex/generic/babel/babel.def
File: babel.def 2016/01/08 3.9n Babel common definitions
\babel@savecnt=\count88
\U@D=\dimen103
)
\l@canadian = a dialect from \language\l@american 
\l@australian = a dialect from \language\l@british 
\l@newzealand = a dialect from \language\l@british 
)) (/usr/local/texlive/2015/texmf-dist/tex/latex/blindtext/blindtext.sty
Package: blindtext 2012/01/06 V2.0 blindtext-Package
(/usr/local/texlive/2015/texmf-dist/tex/latex/tools/xspace.sty
Package: xspace 2014/10/28 v1.13 Space after command names (DPC,MH)
)
\c@blindtext=\count89
\c@Blindtext=\count90
\c@blind@countparstart=\count91
\blind@countxx=\count92
\blindtext@numBlindtext=\count93
\blind@countyy=\count94
\c@blindlist=\count95
\c@blindlistlevel=\count96
\c@blindlist@level=\count97
\blind@listitem=\count98
\c@blind@listcount=\count99
\c@blind@levelcount=\count100
\blind@mathformula=\count101
\blind@Mathformula=\count102
\c@blind@randomcount=\count103
\c@blind@randommax=\count104
\c@blind@pangramcount=\count105
\c@blind@pangrammax=\count106
) (/usr/local/texlive/2015/texmf-dist/tex/latex/hyperref/hyperref.sty
Package: hyperref 2012/11/06 v6.83m Hypertext links for LaTeX
(/usr/local/texlive/2015/texmf-dist/tex/generic/oberdiek/hobsub-hyperref.sty
Package: hobsub-hyperref 2012/05/28 v1.13 Bundle oberdiek, subset hyperref (HO)

(/usr/local/texlive/2015/texmf-dist/tex/generic/oberdiek/hobsub-generic.sty
Package: hobsub-generic 2012/05/28 v1.13 Bundle oberdiek, subset generic (HO)
Package: hobsub 2012/05/28 v1.13 Construct package bundles (HO)
Package: infwarerr 2010/04/08 v1.3 Providing info/warning/error messages (HO)
Package: ltxcmds 2011/11/09 v1.22 LaTeX kernel commands for general use (HO)
Package: ifluatex 2010/03/01 v1.3 Provides the ifluatex switch (HO)
Package ifluatex Info: LuaTeX not detected.
Package: ifvtex 2010/03/01 v1.5 Detect VTeX and its facilities (HO)
Package ifvtex Info: VTeX not detected.
Package: intcalc 2007/09/27 v1.1 Expandable calculations with integers (HO)
Package: ifpdf 2011/01/30 v2.3 Provides the ifpdf switch (HO)
Package ifpdf Info: pdfTeX in PDF mode is detected.
Package: etexcmds 2011/02/16 v1.5 Avoid name clashes with e-TeX commands (HO)
Package etexcmds Info: Could not find \expanded.
(etexcmds)             That can mean that you are not using pdfTeX 1.50 or
(etexcmds)             that some package has redefined \expanded.
(etexcmds)             In the latter case, load this package earlier.
Package: kvsetkeys 2012/04/25 v1.16 Key value parser (HO)
Package: kvdefinekeys 2011/04/07 v1.3 Define keys (HO)
Package: pdftexcmds 2011/11/29 v0.20 Utility functions of pdfTeX for LuaTeX (HO
)
Package pdftexcmds Info: LuaTeX not detected.
Package pdftexcmds Info: \pdf@primitive is available.
Package pdftexcmds Info: \pdf@ifprimitive is available.
Package pdftexcmds Info: \pdfdraftmode found.
Package: pdfescape 2011/11/25 v1.13 Implements pdfTeX's escape features (HO)
Package: bigintcalc 2012/04/08 v1.3 Expandable calculations on big integers (HO
)
Package: bitset 2011/01/30 v1.1 Handle bit-vector datatype (HO)
Package: uniquecounter 2011/01/30 v1.2 Provide unlimited unique counter (HO)
)
Package hobsub Info: Skipping package `hobsub' (already loaded).
Package: letltxmacro 2010/09/02 v1.4 Let assignment for LaTeX macros (HO)
Package: hopatch 2012/05/28 v1.2 Wrapper for package hooks (HO)
Package: xcolor-patch 2011/01/30 xcolor patch
Package: atveryend 2011/06/30 v1.8 Hooks at the very end of document (HO)
Package atveryend Info: \enddocument detected (standard20110627).
Package: atbegshi 2011/10/05 v1.16 At begin shipout hook (HO)
Package: refcount 2011/10/16 v3.4 Data extraction from label references (HO)
Package: hycolor 2011/01/30 v1.7 Color options for hyperref/bookmark (HO)
) (/usr/local/texlive/2015/texmf-dist/tex/latex/graphics/keyval.sty
Package: keyval 2014/10/28 v1.15 key=value parser (DPC)
\KV@toks@=\toks14
) (/usr/local/texlive/2015/texmf-dist/tex/generic/ifxetex/ifxetex.sty
Package: ifxetex 2010/09/12 v0.6 Provides ifxetex conditional
) (/usr/local/texlive/2015/texmf-dist/tex/latex/oberdiek/auxhook.sty
Package: auxhook 2011/03/04 v1.3 Hooks for auxiliary files (HO)
) (/usr/local/texlive/2015/texmf-dist/tex/latex/oberdiek/kvoptions.sty
Package: kvoptions 2011/06/30 v3.11 Key value format for package options (HO)
)
\@linkdim=\dimen104
\Hy@linkcounter=\count107
\Hy@pagecounter=\count108
(/usr/local/texlive/2015/texmf-dist/tex/latex/hyperref/pd1enc.def
File: pd1enc.def 2012/11/06 v6.83m Hyperref: PDFDocEncoding definition (HO)
)
\Hy@SavedSpaceFactor=\count109
(/usr/local/texlive/2015/texmf-dist/tex/latex/latexconfig/hyperref.cfg
File: hyperref.cfg 2002/06/06 v1.2 hyperref configuration of TeXLive
)
Package hyperref Info: Hyper figures OFF on input line 4443.
Package hyperref Info: Link nesting OFF on input line 4448.
Package hyperref Info: Hyper index ON on input line 4451.
Package hyperref Info: Plain pages OFF on input line 4458.
Package hyperref Info: Backreferencing OFF on input line 4463.
Package hyperref Info: Implicit mode ON; LaTeX internals redefined.
Package hyperref Info: Bookmarks ON on input line 4688.
\c@Hy@tempcnt=\count110
(/usr/local/texlive/2015/texmf-dist/tex/latex/url/url.sty
\Urlmuskip=\muskip10
Package: url 2013/09/16  ver 3.4  Verb mode for urls, etc.
)
LaTeX Info: Redefining \url on input line 5041.
\XeTeXLinkMargin=\dimen105
\Fld@menulength=\count111
\Field@Width=\dimen106
\Fld@charsize=\dimen107
Package hyperref Info: Hyper figures OFF on input line 6295.
Package hyperref Info: Link nesting OFF on input line 6300.
Package hyperref Info: Hyper index ON on input line 6303.
Package hyperref Info: backreferencing OFF on input line 6310.
Package hyperref Info: Link coloring OFF on input line 6315.
Package hyperref Info: Link coloring with OCG OFF on input line 6320.
Package hyperref Info: PDF/A mode OFF on input line 6325.
LaTeX Info: Redefining \ref on input line 6365.
LaTeX Info: Redefining \pageref on input line 6369.
\Hy@abspage=\count112
\c@Item=\count113
\c@Hfootnote=\count114
)

Package hyperref Message: Driver (autodetected): hpdftex.

(/usr/local/texlive/2015/texmf-dist/tex/latex/hyperref/hpdftex.def
File: hpdftex.def 2012/11/06 v6.83m Hyperref driver for pdfTeX
\Fld@listcount=\count115
\c@bookmark@seq@number=\count116
(/usr/local/texlive/2015/texmf-dist/tex/latex/oberdiek/rerunfilecheck.sty
Package: rerunfilecheck 2011/04/15 v1.7 Rerun checks for auxiliary files (HO)
Package uniquecounter Info: New unique counter `rerunfilecheck' on input line 2
82.
)
\Hy@SectionHShift=\skip43
)
Package hyperref Info: Option `colorlinks' set `true' on input line 13.
(/usr/local/texlive/2015/texmf-dist/tex/latex/fancyhdr/fancyhdr.sty
\fancy@headwidth=\skip44
\f@ncyO@elh=\skip45
\f@ncyO@erh=\skip46
\f@ncyO@olh=\skip47
\f@ncyO@orh=\skip48
\f@ncyO@elf=\skip49
\f@ncyO@erf=\skip50
\f@ncyO@olf=\skip51
\f@ncyO@orf=\skip52
)

Package Fancyhdr Warning: \fancyfoot's `E' option without twoside option is use
less on input line 23.


Package Fancyhdr Warning: \fancyfoot's `E' option without twoside option is use
less on input line 24.

(/usr/local/texlive/2015/texmf-dist/tex/latex/titlesec/titlesec.sty
Package: titlesec 2011/12/15 v2.10.0 Sectioning titles
\ttl@box=\box26
\beforetitleunit=\skip53
\aftertitleunit=\skip54
\ttl@plus=\dimen108
\ttl@minus=\dimen109
\ttl@toksa=\toks15
\titlewidth=\dimen110
\titlewidthlast=\dimen111
\titlewidthfirst=\dimen112
) (/usr/local/texlive/2015/texmf-dist/tex/latex/tcolorbox/tcolorbox.sty
Package: tcolorbox 2015/11/27 version 3.80 text color boxes
(/usr/local/texlive/2015/texmf-dist/tex/latex/pgf/basiclayer/pgf.sty (/usr/loca
l/texlive/2015/texmf-dist/tex/latex/pgf/utilities/pgfrcs.sty
(/usr/local/texlive/2015/texmf-dist/tex/generic/pgf/utilities/pgfutil-common.te
x
\pgfutil@everybye=\toks16
\pgfutil@tempdima=\dimen113
\pgfutil@tempdimb=\dimen114

(/usr/local/texlive/2015/texmf-dist/tex/generic/pgf/utilities/pgfutil-common-li
sts.tex))
(/usr/local/texlive/2015/texmf-dist/tex/generic/pgf/utilities/pgfutil-latex.def
\pgfutil@abb=\box27
(/usr/local/texlive/2015/texmf-dist/tex/latex/ms/everyshi.sty
Package: everyshi 2001/05/15 v3.00 EveryShipout Package (MS)
)) (/usr/local/texlive/2015/texmf-dist/tex/generic/pgf/utilities/pgfrcs.code.te
x
Package: pgfrcs 2015/08/07 v3.0.1a (rcs-revision 1.31)
))
Package: pgf 2015/08/07 v3.0.1a (rcs-revision 1.15)
(/usr/local/texlive/2015/texmf-dist/tex/latex/pgf/basiclayer/pgfcore.sty (/usr/
local/texlive/2015/texmf-dist/tex/latex/graphics/graphicx.sty
Package: graphicx 2014/10/28 v1.0g Enhanced LaTeX Graphics (DPC,SPQR)
(/usr/local/texlive/2015/texmf-dist/tex/latex/graphics/graphics.sty
Package: graphics 2014/10/28 v1.0p Standard LaTeX Graphics (DPC,SPQR)
(/usr/local/texlive/2015/texmf-dist/tex/latex/graphics/trig.sty
Package: trig 1999/03/16 v1.09 sin cos tan (DPC)
) (/usr/local/texlive/2015/texmf-dist/tex/latex/latexconfig/graphics.cfg
File: graphics.cfg 2010/04/23 v1.9 graphics configuration of TeX Live
)
Package graphics Info: Driver file: pdftex.def on input line 94.
(/usr/local/texlive/2015/texmf-dist/tex/latex/pdftex-def/pdftex.def
File: pdftex.def 2011/05/27 v0.06d Graphics/color for pdfTeX
\Gread@gobject=\count117
))
\Gin@req@height=\dimen115
\Gin@req@width=\dimen116
) (/usr/local/texlive/2015/texmf-dist/tex/latex/pgf/systemlayer/pgfsys.sty
(/usr/local/texlive/2015/texmf-dist/tex/generic/pgf/systemlayer/pgfsys.code.tex
Package: pgfsys 2014/07/09 v3.0.1a (rcs-revision 1.48)
(/usr/local/texlive/2015/texmf-dist/tex/generic/pgf/utilities/pgfkeys.code.tex
\pgfkeys@pathtoks=\toks17
\pgfkeys@temptoks=\toks18

(/usr/local/texlive/2015/texmf-dist/tex/generic/pgf/utilities/pgfkeysfiltered.c
ode.tex
\pgfkeys@tmptoks=\toks19
))
\pgf@x=\dimen117
\pgf@y=\dimen118
\pgf@xa=\dimen119
\pgf@ya=\dimen120
\pgf@xb=\dimen121
\pgf@yb=\dimen122
\pgf@xc=\dimen123
\pgf@yc=\dimen124
\w@pgf@writea=\write3
\r@pgf@reada=\read1
\c@pgf@counta=\count118
\c@pgf@countb=\count119
\c@pgf@countc=\count120
\c@pgf@countd=\count121
\t@pgf@toka=\toks20
\t@pgf@tokb=\toks21
\t@pgf@tokc=\toks22
(/usr/local/texlive/2015/texmf-dist/tex/generic/pgf/systemlayer/pgf.cfg
File: pgf.cfg 2008/05/14  (rcs-revision 1.7)
)
Driver file for pgf: pgfsys-pdftex.def

(/usr/local/texlive/2015/texmf-dist/tex/generic/pgf/systemlayer/pgfsys-pdftex.d
ef
File: pgfsys-pdftex.def 2014/10/11  (rcs-revision 1.35)

(/usr/local/texlive/2015/texmf-dist/tex/generic/pgf/systemlayer/pgfsys-common-p
df.def
File: pgfsys-common-pdf.def 2013/10/10  (rcs-revision 1.13)
)))
(/usr/local/texlive/2015/texmf-dist/tex/generic/pgf/systemlayer/pgfsyssoftpath.
code.tex
File: pgfsyssoftpath.code.tex 2013/09/09  (rcs-revision 1.9)
\pgfsyssoftpath@smallbuffer@items=\count122
\pgfsyssoftpath@bigbuffer@items=\count123
)
(/usr/local/texlive/2015/texmf-dist/tex/generic/pgf/systemlayer/pgfsysprotocol.
code.tex
File: pgfsysprotocol.code.tex 2006/10/16  (rcs-revision 1.4)
)) (/usr/local/texlive/2015/texmf-dist/tex/latex/xcolor/xcolor.sty
Package: xcolor 2007/01/21 v2.11 LaTeX color extensions (UK)
(/usr/local/texlive/2015/texmf-dist/tex/latex/latexconfig/color.cfg
File: color.cfg 2007/01/18 v1.5 color configuration of teTeX/TeXLive
)
Package xcolor Info: Driver file: pdftex.def on input line 225.
Package xcolor Info: Model `cmy' substituted by `cmy0' on input line 1337.
Package xcolor Info: Model `hsb' substituted by `rgb' on input line 1341.
Package xcolor Info: Model `RGB' extended on input line 1353.
Package xcolor Info: Model `HTML' substituted by `rgb' on input line 1355.
Package xcolor Info: Model `Hsb' substituted by `hsb' on input line 1356.
Package xcolor Info: Model `tHsb' substituted by `hsb' on input line 1357.
Package xcolor Info: Model `HSB' substituted by `hsb' on input line 1358.
Package xcolor Info: Model `Gray' substituted by `gray' on input line 1359.
Package xcolor Info: Model `wave' substituted by `hsb' on input line 1360.
)
(/usr/local/texlive/2015/texmf-dist/tex/generic/pgf/basiclayer/pgfcore.code.tex
Package: pgfcore 2010/04/11 v3.0.1a (rcs-revision 1.7)
(/usr/local/texlive/2015/texmf-dist/tex/generic/pgf/math/pgfmath.code.tex (/usr
/local/texlive/2015/texmf-dist/tex/generic/pgf/math/pgfmathcalc.code.tex (/usr/
local/texlive/2015/texmf-dist/tex/generic/pgf/math/pgfmathutil.code.tex)
(/usr/local/texlive/2015/texmf-dist/tex/generic/pgf/math/pgfmathparser.code.tex
\pgfmath@dimen=\dimen125
\pgfmath@count=\count124
\pgfmath@box=\box28
\pgfmath@toks=\toks23
\pgfmath@stack@operand=\toks24
\pgfmath@stack@operation=\toks25
)
(/usr/local/texlive/2015/texmf-dist/tex/generic/pgf/math/pgfmathfunctions.code.
tex
(/usr/local/texlive/2015/texmf-dist/tex/generic/pgf/math/pgfmathfunctions.basic
.code.tex)
(/usr/local/texlive/2015/texmf-dist/tex/generic/pgf/math/pgfmathfunctions.trigo
nometric.code.tex)
(/usr/local/texlive/2015/texmf-dist/tex/generic/pgf/math/pgfmathfunctions.rando
m.code.tex)
(/usr/local/texlive/2015/texmf-dist/tex/generic/pgf/math/pgfmathfunctions.compa
rison.code.tex)
(/usr/local/texlive/2015/texmf-dist/tex/generic/pgf/math/pgfmathfunctions.base.
code.tex)
(/usr/local/texlive/2015/texmf-dist/tex/generic/pgf/math/pgfmathfunctions.round
.code.tex)
(/usr/local/texlive/2015/texmf-dist/tex/generic/pgf/math/pgfmathfunctions.misc.
code.tex)
(/usr/local/texlive/2015/texmf-dist/tex/generic/pgf/math/pgfmathfunctions.integ
erarithmetics.code.tex))) (/usr/local/texlive/2015/texmf-dist/tex/generic/pgf/m
ath/pgfmathfloat.code.tex
\c@pgfmathroundto@lastzeros=\count125
))
(/usr/local/texlive/2015/texmf-dist/tex/generic/pgf/basiclayer/pgfcorepoints.co
de.tex
File: pgfcorepoints.code.tex 2013/10/07  (rcs-revision 1.27)
\pgf@picminx=\dimen126
\pgf@picmaxx=\dimen127
\pgf@picminy=\dimen128
\pgf@picmaxy=\dimen129
\pgf@pathminx=\dimen130
\pgf@pathmaxx=\dimen131
\pgf@pathminy=\dimen132
\pgf@pathmaxy=\dimen133
\pgf@xx=\dimen134
\pgf@xy=\dimen135
\pgf@yx=\dimen136
\pgf@yy=\dimen137
\pgf@zx=\dimen138
\pgf@zy=\dimen139
)
(/usr/local/texlive/2015/texmf-dist/tex/generic/pgf/basiclayer/pgfcorepathconst
ruct.code.tex
File: pgfcorepathconstruct.code.tex 2013/10/07  (rcs-revision 1.29)
\pgf@path@lastx=\dimen140
\pgf@path@lasty=\dimen141
)
(/usr/local/texlive/2015/texmf-dist/tex/generic/pgf/basiclayer/pgfcorepathusage
.code.tex
File: pgfcorepathusage.code.tex 2014/11/02  (rcs-revision 1.24)
\pgf@shorten@end@additional=\dimen142
\pgf@shorten@start@additional=\dimen143
)
(/usr/local/texlive/2015/texmf-dist/tex/generic/pgf/basiclayer/pgfcorescopes.co
de.tex
File: pgfcorescopes.code.tex 2015/05/08  (rcs-revision 1.46)
\pgfpic=\box29
\pgf@hbox=\box30
\pgf@layerbox@main=\box31
\pgf@picture@serial@count=\count126
)
(/usr/local/texlive/2015/texmf-dist/tex/generic/pgf/basiclayer/pgfcoregraphicst
ate.code.tex
File: pgfcoregraphicstate.code.tex 2014/11/02  (rcs-revision 1.12)
\pgflinewidth=\dimen144
)
(/usr/local/texlive/2015/texmf-dist/tex/generic/pgf/basiclayer/pgfcoretransform
ations.code.tex
File: pgfcoretransformations.code.tex 2015/08/07  (rcs-revision 1.20)
\pgf@pt@x=\dimen145
\pgf@pt@y=\dimen146
\pgf@pt@temp=\dimen147
)
(/usr/local/texlive/2015/texmf-dist/tex/generic/pgf/basiclayer/pgfcorequick.cod
e.tex
File: pgfcorequick.code.tex 2008/10/09  (rcs-revision 1.3)
)
(/usr/local/texlive/2015/texmf-dist/tex/generic/pgf/basiclayer/pgfcoreobjects.c
ode.tex
File: pgfcoreobjects.code.tex 2006/10/11  (rcs-revision 1.2)
)
(/usr/local/texlive/2015/texmf-dist/tex/generic/pgf/basiclayer/pgfcorepathproce
ssing.code.tex
File: pgfcorepathprocessing.code.tex 2013/09/09  (rcs-revision 1.9)
)
(/usr/local/texlive/2015/texmf-dist/tex/generic/pgf/basiclayer/pgfcorearrows.co
de.tex
File: pgfcorearrows.code.tex 2015/05/14  (rcs-revision 1.43)
\pgfarrowsep=\dimen148
)
(/usr/local/texlive/2015/texmf-dist/tex/generic/pgf/basiclayer/pgfcoreshade.cod
e.tex
File: pgfcoreshade.code.tex 2013/07/15  (rcs-revision 1.15)
\pgf@max=\dimen149
\pgf@sys@shading@range@num=\count127
)
(/usr/local/texlive/2015/texmf-dist/tex/generic/pgf/basiclayer/pgfcoreimage.cod
e.tex
File: pgfcoreimage.code.tex 2013/07/15  (rcs-revision 1.18)

(/usr/local/texlive/2015/texmf-dist/tex/generic/pgf/basiclayer/pgfcoreexternal.
code.tex
File: pgfcoreexternal.code.tex 2014/07/09  (rcs-revision 1.21)
\pgfexternal@startupbox=\box32
))
(/usr/local/texlive/2015/texmf-dist/tex/generic/pgf/basiclayer/pgfcorelayers.co
de.tex
File: pgfcorelayers.code.tex 2013/07/18  (rcs-revision 1.7)
)
(/usr/local/texlive/2015/texmf-dist/tex/generic/pgf/basiclayer/pgfcoretranspare
ncy.code.tex
File: pgfcoretransparency.code.tex 2013/09/30  (rcs-revision 1.5)
)
(/usr/local/texlive/2015/texmf-dist/tex/generic/pgf/basiclayer/pgfcorepatterns.
code.tex
File: pgfcorepatterns.code.tex 2013/11/07  (rcs-revision 1.5)
)))
(/usr/local/texlive/2015/texmf-dist/tex/generic/pgf/modules/pgfmoduleshapes.cod
e.tex
File: pgfmoduleshapes.code.tex 2014/03/21  (rcs-revision 1.35)
\pgfnodeparttextbox=\box33
)
(/usr/local/texlive/2015/texmf-dist/tex/generic/pgf/modules/pgfmoduleplot.code.
tex
File: pgfmoduleplot.code.tex 2015/08/03  (rcs-revision 1.13)
)
(/usr/local/texlive/2015/texmf-dist/tex/latex/pgf/compatibility/pgfcomp-version
-0-65.sty
Package: pgfcomp-version-0-65 2007/07/03 v3.0.1a (rcs-revision 1.7)
\pgf@nodesepstart=\dimen150
\pgf@nodesepend=\dimen151
)
(/usr/local/texlive/2015/texmf-dist/tex/latex/pgf/compatibility/pgfcomp-version
-1-18.sty
Package: pgfcomp-version-1-18 2007/07/23 v3.0.1a (rcs-revision 1.1)
)) (/usr/local/texlive/2015/texmf-dist/tex/latex/tools/verbatim.sty
Package: verbatim 2014/10/28 v1.5q LaTeX2e package for verbatim enhancements
\every@verbatim=\toks26
\verbatim@line=\toks27
\verbatim@in@stream=\read2
) (/usr/local/texlive/2015/texmf-dist/tex/latex/environ/environ.sty
Package: environ 2014/05/04 v0.3 A new way to define environments
(/usr/local/texlive/2015/texmf-dist/tex/latex/trimspaces/trimspaces.sty
Package: trimspaces 2009/09/17 v1.1 Trim spaces around a token list
)
\@envbody=\toks28
) (/usr/local/texlive/2015/texmf-dist/tex/latex/etoolbox/etoolbox.sty
Package: etoolbox 2015/08/02 v2.2a e-TeX tools for LaTeX (JAW)
\etb@tempcnta=\count128
)
\tcb@titlebox=\box34
\tcb@upperbox=\box35
\tcb@lowerbox=\box36
\tcb@phantombox=\box37
\c@tcbbreakpart=\count129
\c@tcblayer=\count130
\tcolorbox@number=\count131
\tcb@temp=\box38
\tcb@temp=\box39
\tcb@temp=\box40
\tcb@temp=\box41
\tcb@out=\write4
\tcb@record@out=\write5
(/usr/local/texlive/2015/texmf-dist/tex/latex/tcolorbox/tcbraster.code.tex
Library (tcolorbox): 'tcbraster.code.tex' version '3.80'
\c@tcbrastercolumn=\count132
\c@tcbrasterrow=\count133
\c@tcbraster=\count134
) (/usr/local/texlive/2015/texmf-dist/tex/latex/tcolorbox/tcbskins.code.tex
Library (tcolorbox): 'tcbskins.code.tex' version '3.80'
(/usr/local/texlive/2015/texmf-dist/tex/latex/pgf/frontendlayer/tikz.sty (/usr/
local/texlive/2015/texmf-dist/tex/latex/pgf/utilities/pgffor.sty (/usr/local/te
xlive/2015/texmf-dist/tex/latex/pgf/utilities/pgfkeys.sty (/usr/local/texlive/2
015/texmf-dist/tex/generic/pgf/utilities/pgfkeys.code.tex)) (/usr/local/texlive
/2015/texmf-dist/tex/latex/pgf/math/pgfmath.sty (/usr/local/texlive/2015/texmf-
dist/tex/generic/pgf/math/pgfmath.code.tex)) (/usr/local/texlive/2015/texmf-dis
t/tex/generic/pgf/utilities/pgffor.code.tex
Package: pgffor 2013/12/13 v3.0.1a (rcs-revision 1.25)
(/usr/local/texlive/2015/texmf-dist/tex/generic/pgf/math/pgfmath.code.tex)
\pgffor@iter=\dimen152
\pgffor@skip=\dimen153
\pgffor@stack=\toks29
\pgffor@toks=\toks30
))
(/usr/local/texlive/2015/texmf-dist/tex/generic/pgf/frontendlayer/tikz/tikz.cod
e.tex
Package: tikz 2015/08/07 v3.0.1a (rcs-revision 1.151)

(/usr/local/texlive/2015/texmf-dist/tex/generic/pgf/libraries/pgflibraryplothan
dlers.code.tex
File: pgflibraryplothandlers.code.tex 2013/08/31 v3.0.1a (rcs-revision 1.20)
\pgf@plot@mark@count=\count135
\pgfplotmarksize=\dimen154
)
\tikz@lastx=\dimen155
\tikz@lasty=\dimen156
\tikz@lastxsaved=\dimen157
\tikz@lastysaved=\dimen158
\tikzleveldistance=\dimen159
\tikzsiblingdistance=\dimen160
\tikz@figbox=\box42
\tikz@figbox@bg=\box43
\tikz@tempbox=\box44
\tikz@tempbox@bg=\box45
\tikztreelevel=\count136
\tikznumberofchildren=\count137
\tikznumberofcurrentchild=\count138
\tikz@fig@count=\count139

(/usr/local/texlive/2015/texmf-dist/tex/generic/pgf/modules/pgfmodulematrix.cod
e.tex
File: pgfmodulematrix.code.tex 2013/09/17  (rcs-revision 1.8)
\pgfmatrixcurrentrow=\count140
\pgfmatrixcurrentcolumn=\count141
\pgf@matrix@numberofcolumns=\count142
)
\tikz@expandcount=\count143

(/usr/local/texlive/2015/texmf-dist/tex/generic/pgf/frontendlayer/tikz/librarie
s/tikzlibrarytopaths.code.tex
File: tikzlibrarytopaths.code.tex 2008/06/17 v3.0.1a (rcs-revision 1.2)
)))
\tcb@waterbox=\box46

(/usr/local/texlive/2015/texmf-dist/tex/latex/tcolorbox/tcbskinsjigsaw.code.tex
Library (tcolorbox): 'tcbskinsjigsaw.code.tex' version '3.80'
)) (/usr/local/texlive/2015/texmf-dist/tex/latex/tcolorbox/tcbbreakable.code.te
x
Library (tcolorbox): 'tcbbreakable.code.tex' version '3.80'
\tcb@testbox=\box47
\tcb@totalupperbox=\box48
\tcb@totallowerbox=\box49
) (/usr/local/texlive/2015/texmf-dist/tex/latex/tcolorbox/tcbhooks.code.tex
Library (tcolorbox): 'tcbhooks.code.tex' version '3.80'
) (/usr/local/texlive/2015/texmf-dist/tex/latex/tcolorbox/tcbtheorems.code.tex
Library (tcolorbox): 'tcbtheorems.code.tex' version '3.80'
(/usr/local/texlive/2015/texmf-dist/tex/latex/amsmath/amsmath.sty
Package: amsmath 2013/01/14 v2.14 AMS math features
\@mathmargin=\skip55
For additional information on amsmath, use the `?' option.
(/usr/local/texlive/2015/texmf-dist/tex/latex/amsmath/amstext.sty
Package: amstext 2000/06/29 v2.01
(/usr/local/texlive/2015/texmf-dist/tex/latex/amsmath/amsgen.sty
File: amsgen.sty 1999/11/30 v2.0
\@emptytoks=\toks31
\ex@=\dimen161
)) (/usr/local/texlive/2015/texmf-dist/tex/latex/amsmath/amsbsy.sty
Package: amsbsy 1999/11/29 v1.2d
\pmbraise@=\dimen162
) (/usr/local/texlive/2015/texmf-dist/tex/latex/amsmath/amsopn.sty
Package: amsopn 1999/12/14 v2.01 operator names
)
\inf@bad=\count144
LaTeX Info: Redefining \frac on input line 210.
\uproot@=\count145
\leftroot@=\count146
LaTeX Info: Redefining \overline on input line 306.
\classnum@=\count147
\DOTSCASE@=\count148
LaTeX Info: Redefining \ldots on input line 378.
LaTeX Info: Redefining \dots on input line 381.
LaTeX Info: Redefining \cdots on input line 466.
\Mathstrutbox@=\box50
\strutbox@=\box51
\big@size=\dimen163
LaTeX Font Info:    Redeclaring font encoding OML on input line 566.
LaTeX Font Info:    Redeclaring font encoding OMS on input line 567.
\macc@depth=\count149
\c@MaxMatrixCols=\count150
\dotsspace@=\muskip11
\c@parentequation=\count151
\dspbrk@lvl=\count152
\tag@help=\toks32
\row@=\count153
\column@=\count154
\maxfields@=\count155
\andhelp@=\toks33
\eqnshift@=\dimen164
\alignsep@=\dimen165
\tagshift@=\dimen166
\tagwidth@=\dimen167
\totwidth@=\dimen168
\lineht@=\dimen169
\@envbody=\toks34
\multlinegap=\skip56
\multlinetaggap=\skip57
\mathdisplay@stack=\toks35
LaTeX Info: Redefining \[ on input line 2665.
LaTeX Info: Redefining \] on input line 2666.
)) (/usr/local/texlive/2015/texmf-dist/tex/latex/tcolorbox/tcbfitting.code.tex
Library (tcolorbox): 'tcbfitting.code.tex' version '3.80'
\tcbfitdim=\dimen170
\tcb@lowerfitdim=\dimen171
\tcb@upperfitdim=\dimen172
\tcb@cur@hbadness=\count156
) (/usr/local/texlive/2015/texmf-dist/tex/latex/tcolorbox/tcbxparse.code.tex
Library (tcolorbox): 'tcbxparse.code.tex' version '3.80'
(/usr/local/texlive/2015/texmf-dist/tex/latex/l3packages/xparse/xparse.sty (/us
r/local/texlive/2015/texmf-dist/tex/latex/l3kernel/expl3.sty
Package: expl3 2016/01/03 v6358 L3 programming layer (loader) 
(/usr/local/texlive/2015/texmf-dist/tex/latex/l3kernel/expl3-code.tex
Package: expl3 2016/01/03 v6358 L3 programming layer (code)
L3 Module: l3bootstrap 2016/01/01 v6339 L3 Bootstrap code
L3 Module: l3names 2015/12/21 v6328 L3 Namespace for primitives
L3 Module: l3basics 2015/11/22 v6315 L3 Basic definitions
L3 Module: l3expan 2015/09/10 v5983 L3 Argument expansion
L3 Module: l3tl 2015/09/29 v6121 L3 Token lists
L3 Module: l3str 2016/01/03 v6357 L3 Strings
L3 Module: l3seq 2015/08/05 v5777 L3 Sequences and stacks
L3 Module: l3int 2015/09/25 v6089 L3 Integers
\c_max_int=\count157
\l_tmpa_int=\count158
\l_tmpb_int=\count159
\g_tmpa_int=\count160
\g_tmpb_int=\count161
L3 Module: l3quark 2015/08/17 v5855 L3 Quarks
L3 Module: l3prg 2015/11/01 v6216 L3 Control structures
\g__prg_map_int=\count162
L3 Module: l3clist 2015/09/02 v5901 L3 Comma separated lists
L3 Module: l3token 2015/11/11 v6249 L3 Experimental token manipulation
L3 Module: l3prop 2015/08/05 v5777 L3 Property lists
L3 Module: l3msg 2015/09/28 v6113 L3 Messages
L3 Module: l3file 2015/12/03 v6317 L3 File and I/O operations
\l_iow_line_count_int=\count163
\l__iow_target_count_int=\count164
\l__iow_current_line_int=\count165
\l__iow_current_word_int=\count166
\l__iow_current_indentation_int=\count167
L3 Module: l3skip 2015/09/25 v6089 L3 Dimensions and skips
\c_zero_dim=\dimen173
\c_max_dim=\dimen174
\l_tmpa_dim=\dimen175
\l_tmpb_dim=\dimen176
\g_tmpa_dim=\dimen177
\g_tmpb_dim=\dimen178
\c_zero_skip=\skip58
\c_max_skip=\skip59
\l_tmpa_skip=\skip60
\l_tmpb_skip=\skip61
\g_tmpa_skip=\skip62
\g_tmpb_skip=\skip63
\c_zero_muskip=\muskip12
\c_max_muskip=\muskip13
\l_tmpa_muskip=\muskip14
\l_tmpb_muskip=\muskip15
\g_tmpa_muskip=\muskip16
\g_tmpb_muskip=\muskip17
L3 Module: l3keys 2015/11/17 v6284 L3 Key-value interfaces
\g__keyval_level_int=\count168
\l_keys_choice_int=\count169
L3 Module: l3fp 2015/08/25 v5890 L3 Floating points
\c__fp_leading_shift_int=\count170
\c__fp_middle_shift_int=\count171
\c__fp_trailing_shift_int=\count172
\c__fp_big_leading_shift_int=\count173
\c__fp_big_middle_shift_int=\count174
\c__fp_big_trailing_shift_int=\count175
\c__fp_Bigg_leading_shift_int=\count176
\c__fp_Bigg_middle_shift_int=\count177
\c__fp_Bigg_trailing_shift_int=\count178
L3 Module: l3box 2015/08/09 v5822 L3 Experimental boxes
\c_empty_box=\box52
\l_tmpa_box=\box53
\l_tmpb_box=\box54
\g_tmpa_box=\box55
\g_tmpb_box=\box56
L3 Module: l3coffins 2015/08/06 v5789 L3 Coffin code layer
\l__coffin_internal_box=\box57
\l__coffin_internal_dim=\dimen179
\l__coffin_offset_x_dim=\dimen180
\l__coffin_offset_y_dim=\dimen181
\l__coffin_x_dim=\dimen182
\l__coffin_y_dim=\dimen183
\l__coffin_x_prime_dim=\dimen184
\l__coffin_y_prime_dim=\dimen185
\c_empty_coffin=\box58
\l__coffin_aligned_coffin=\box59
\l__coffin_aligned_internal_coffin=\box60
\l_tmpa_coffin=\box61
\l_tmpb_coffin=\box62
\l__coffin_display_coffin=\box63
\l__coffin_display_coord_coffin=\box64
\l__coffin_display_pole_coffin=\box65
\l__coffin_display_offset_dim=\dimen186
\l__coffin_display_x_dim=\dimen187
\l__coffin_display_y_dim=\dimen188
L3 Module: l3color 2014/08/23 v5354 L3 Experimental color support
L3 Module: l3candidates 2015/12/20 v6325 L3 Experimental additions to l3kernel
\l__box_top_dim=\dimen189
\l__box_bottom_dim=\dimen190
\l__box_left_dim=\dimen191
\l__box_right_dim=\dimen192
\l__box_top_new_dim=\dimen193
\l__box_bottom_new_dim=\dimen194
\l__box_left_new_dim=\dimen195
\l__box_right_new_dim=\dimen196
\l__box_internal_box=\box66
\l__coffin_bounding_shift_dim=\dimen197
\l__coffin_left_corner_dim=\dimen198
\l__coffin_right_corner_dim=\dimen199
\l__coffin_bottom_corner_dim=\dimen256
\l__coffin_top_corner_dim=\dimen257
\l__coffin_scaled_total_height_dim=\dimen258
\l__coffin_scaled_width_dim=\dimen259
L3 Module: l3sys 2015/09/25 v6087 L3 Experimental system/runtime functions
L3 Module: l3luatex 2015/11/11 v6250 L3 Experimental LuaTeX-specific functions
) (/usr/local/texlive/2015/texmf-dist/tex/latex/l3kernel/l3pdfmode.def
File: l3pdfmode.def 2015/11/11 v6250 L3 Experimental driver: PDF mode
\l__driver_color_stack_int=\count179
))
Package: xparse 2015/12/20 v6326 L3 Experimental document command parser
\l__xparse_current_arg_int=\count180
\l__xparse_m_args_int=\count181
\l__xparse_mandatory_args_int=\count182
\l__xparse_processor_int=\count183
\l__xparse_v_nesting_int=\count184
)
.................................................
. LaTeX info: "xparse/define-command"
. 
. Defining command \tcboxverb with sig. ' O{} v ' on line 128.
.................................................
.................................................
. LaTeX info: "xparse/define-command"
. 
. Defining command \tcbsidebyside with sig. ' +O{} +m +m ' on line 280.
.................................................
)
(/usr/local/texlive/2015/texmf-dist/tex/latex/tcolorbox/tcblistingsutf8.code.te
x
Library (tcolorbox): 'tcblistingsutf8.code.tex' version '3.80'
(/usr/local/texlive/2015/texmf-dist/tex/latex/oberdiek/listingsutf8.sty
Package: listingsutf8 2011/11/10 v1.2 Allow UTF-8 in listings input (HO)
(/usr/local/texlive/2015/texmf-dist/tex/latex/listings/listings.sty
\lst@mode=\count185
\lst@gtempboxa=\box67
\lst@token=\toks36
\lst@length=\count186
\lst@currlwidth=\dimen260
\lst@column=\count187
\lst@pos=\count188
\lst@lostspace=\dimen261
\lst@width=\dimen262
\lst@newlines=\count189
\lst@lineno=\count190
\lst@maxwidth=\dimen263
(/usr/local/texlive/2015/texmf-dist/tex/latex/listings/lstmisc.sty
File: lstmisc.sty 2015/06/04 1.6 (Carsten Heinz)
\c@lstnumber=\count191
\lst@skipnumbers=\count192
\lst@framebox=\box68
) (/usr/local/texlive/2015/texmf-dist/tex/latex/listings/listings.cfg
File: listings.cfg 2015/06/04 1.6 listings configuration
))
Package: listings 2015/06/04 1.6 (Carsten Heinz)
(/usr/local/texlive/2015/texmf-dist/tex/generic/oberdiek/stringenc.sty
Package: stringenc 2011/12/02 v1.10 Convert strings between diff. encodings (HO
)
)) (/usr/local/texlive/2015/texmf-dist/tex/latex/tcolorbox/tcblistings.code.tex
Library (tcolorbox): 'tcblistings.code.tex' version '3.80'

(/usr/local/texlive/2015/texmf-dist/tex/latex/tcolorbox/tcblistingscore.code.te
x
Library (tcolorbox): 'tcblistingscore.code.tex' version '3.80'
\c@tcblisting=\count193
))) (/usr/local/texlive/2015/texmf-dist/tex/latex/tcolorbox/tcbexternal.code.te
x
Library (tcolorbox): 'tcbexternal.code.tex' version '3.80'
) (/usr/local/texlive/2015/texmf-dist/tex/latex/tcolorbox/tcbmagazine.code.tex
Library (tcolorbox): 'tcbmagazine.code.tex' version '3.80'
)) (/usr/local/texlive/2015/texmf-dist/tex/latex/marginnote/marginnote.sty
Package: marginnote 2012/03/29 v1.1i non floating margin notes for LaTeX
\c@mn@abspage=\count194
) (/usr/local/texlive/2015/texmf-dist/tex/latex/background/background.sty
Package: background 2014/03/04 v2.1 background material
(/usr/local/texlive/2015/texmf-dist/tex/latex/xkeyval/xkeyval.sty
Package: xkeyval 2014/12/03 v2.7a package option processing (HA)
(/usr/local/texlive/2015/texmf-dist/tex/generic/xkeyval/xkeyval.tex (/usr/local
/texlive/2015/texmf-dist/tex/generic/xkeyval/xkvutils.tex
\XKV@toks=\toks37
\XKV@tempa@toks=\toks38
)
\XKV@depth=\count195
File: xkeyval.tex 2014/12/03 v2.7a key=value parser (HA)
)) (/usr/local/texlive/2015/texmf-dist/tex/latex/everypage/everypage.sty
Package: everypage 2007/06/20 1.1 Hooks to run on every page
) (/usr/local/texlive/2015/texmf-dist/tex/latex/tools/afterpage.sty
Package: afterpage 2014/10/28 v1.08 After-Page Package (DPC)
\AP@output=\toks39
\AP@partial=\box69
\AP@footins=\box70
)) (/usr/local/texlive/2015/texmf-dist/tex/latex/soul/soul.sty
Package: soul 2003/11/17 v2.4 letterspacing/underlining (mf)
\SOUL@word=\toks40
\SOUL@lasttoken=\toks41
\SOUL@cmds=\toks42
\SOUL@buffer=\toks43
\SOUL@token=\toks44
\SOUL@spaceskip=\skip64
\SOUL@ttwidth=\dimen264
\SOUL@uldp=\dimen265
\SOUL@ulht=\dimen266
) (/compile/output.aux

LaTeX Warning: Label `wavelan97' multiply defined.


LaTeX Warning: Label `wavelan97' multiply defined.


LaTeX Warning: Label `wavelan97' multiply defined.


LaTeX Warning: Label `wavelan97' multiply defined.


LaTeX Warning: Label `wavelan97' multiply defined.


LaTeX Warning: Label `wavelan97' multiply defined.


LaTeX Warning: Label `wavelan97' multiply defined.


LaTeX Warning: Label `wavelan97' multiply defined.


LaTeX Warning: Label `wavelan97' multiply defined.


LaTeX Warning: Label `wavelan97' multiply defined.


LaTeX Warning: Label `wavelan97' multiply defined.


LaTeX Warning: Label `wavelan97' multiply defined.


LaTeX Warning: Label `wavelan97' multiply defined.


LaTeX Warning: Label `wavelan97' multiply defined.


LaTeX Warning: Label `wavelan97' multiply defined.


LaTeX Warning: Label `wavelan97' multiply defined.


LaTeX Warning: Label `wavelan97' multiply defined.

)
\openout1 = `output.aux'.

LaTeX Font Info:    Checking defaults for OML/cmm/m/it on input line 72.
LaTeX Font Info:    ... okay on input line 72.
LaTeX Font Info:    Checking defaults for T1/cmr/m/n on input line 72.
LaTeX Font Info:    ... okay on input line 72.
LaTeX Font Info:    Checking defaults for OT1/cmr/m/n on input line 72.
LaTeX Font Info:    ... okay on input line 72.
LaTeX Font Info:    Checking defaults for OMS/cmsy/m/n on input line 72.
LaTeX Font Info:    ... okay on input line 72.
LaTeX Font Info:    Checking defaults for OMX/cmex/m/n on input line 72.
LaTeX Font Info:    ... okay on input line 72.
LaTeX Font Info:    Checking defaults for U/cmr/m/n on input line 72.
LaTeX Font Info:    ... okay on input line 72.
LaTeX Font Info:    Checking defaults for PD1/pdf/m/n on input line 72.
LaTeX Font Info:    ... okay on input line 72.
\AtBeginShipoutBox=\box71
Package hyperref Info: Link coloring ON on input line 72.
(/usr/local/texlive/2015/texmf-dist/tex/latex/hyperref/nameref.sty
Package: nameref 2012/10/27 v2.43 Cross-referencing by name of section
(/usr/local/texlive/2015/texmf-dist/tex/generic/oberdiek/gettitlestring.sty
Package: gettitlestring 2010/12/03 v1.4 Cleanup title references (HO)
)
\c@section@level=\count196
)
LaTeX Info: Redefining \ref on input line 72.
LaTeX Info: Redefining \pageref on input line 72.
LaTeX Info: Redefining \nameref on input line 72.
(/compile/output.out) (/compile/output.out)
\@outlinefile=\write6
\openout6 = `output.out'.

ABD: EveryShipout initializing macros (/usr/local/texlive/2015/texmf-dist/tex/c
ontext/base/supp-pdf.mkii
[Loading MPS to PDF converter (version 2006.09.02).]
\scratchcounter=\count197
\scratchdimen=\dimen267
\scratchbox=\box72
\nofMPsegments=\count198
\nofMParguments=\count199
\everyMPshowfont=\toks45
\MPscratchCnt=\count266
\MPscratchDim=\dimen268
\MPnumerator=\count267
\makeMPintoPDFobject=\count268
\everyMPtoPDFconversion=\toks46
) (/usr/local/texlive/2015/texmf-dist/tex/latex/oberdiek/epstopdf-base.sty
Package: epstopdf-base 2010/02/09 v2.5 Base part for package epstopdf
(/usr/local/texlive/2015/texmf-dist/tex/latex/oberdiek/grfext.sty
Package: grfext 2010/08/19 v1.1 Manage graphics extensions (HO)
)
Package grfext Info: Graphics extension search list:
(grfext)             [.png,.pdf,.jpg,.mps,.jpeg,.jbig2,.jb2,.PNG,.PDF,.JPG,.JPE
G,.JBIG2,.JB2,.eps]
(grfext)             \AppendGraphicsExtensions on input line 452.
(/usr/local/texlive/2015/texmf-dist/tex/latex/latexconfig/epstopdf-sys.cfg
File: epstopdf-sys.cfg 2010/07/13 v1.3 Configuration of (r)epstopdf for TeX Liv
e
))
\c@lstlisting=\count269
(/usr/local/texlive/2015/texmf-dist/tex/latex/base/inputenc.sty
Package: inputenc 2015/03/17 v1.2c Input encoding file
\inpenc@prehook=\toks47
\inpenc@posthook=\toks48
)
Package marginnote Info: \pdfoutput not 0 and \pdflastxpos available.
(marginnote)             Extended position detection mode activated.
<logo.png, id=43, 123.46124pt x 131.49126pt>
File: logo.png Graphic file (type png)
<use logo.png>
Package pdftex.def Info: logo.png used on input line 91.
(pdftex.def)             Requested size: 123.46092pt x 131.49092pt.
[1


{/usr/local/texlive/2015/texmf-var/fonts/map/pdftex/updmap/pdftex.map} </compil
e/logo.png>]
Chapter 1.
LaTeX Font Info:    Try loading font information for OMS+cmr on input line 104.

(/usr/local/texlive/2015/texmf-dist/tex/latex/base/omscmr.fd
File: omscmr.fd 2014/09/29 v2.5h Standard LaTeX font definitions
)
LaTeX Font Info:    Font shape `OMS/cmr/m/n' in size <12> not available
(Font)              Font shape `OMS/cmsy/m/n' tried instead on input line 104.
File: logo.png Graphic file (type png)
<use logo.png>
Package pdftex.def Info: logo.png used on input line 114.
(pdftex.def)             Requested size: 123.46092pt x 131.49092pt.
pdfTeX warning (ext4): destination with the same identifier (name{page.1}) has 
been already used, duplicate ignored
<to be read again> 
                   \relax 
l.114       \item E
                   nclosure to hold all parts [1

]
Underfull \hbox (badness 10000) in paragraph at lines 116--124

 []

<chart.png, id=72, 449.42906pt x 257.46187pt>
File: chart.png Graphic file (type png)
<use chart.png>
Package pdftex.def Info: chart.png used on input line 155.
(pdftex.def)             Requested size: 341.44618pt x 199.17337pt.
File: logo.png Graphic file (type png)
<use logo.png>
Package pdftex.def Info: logo.png used on input line 156.
(pdftex.def)             Requested size: 123.46092pt x 131.49092pt.
[2]

! LaTeX Error: There's no line here to end.

See the LaTeX manual or LaTeX Companion for explanation.
Type  H <return>  for immediate help.
 ...                                              
                                                  
l.156 \subsection*{Connection Diagram}\\\\
                                          
Your command was ignored.
Type  I <command> <return>  to replace it with another command,
or  <return>  to continue without it.


! LaTeX Error: There's no line here to end.

See the LaTeX manual or LaTeX Companion for explanation.
Type  H <return>  for immediate help.
 ...                                              
                                                  
l.157 \begin
            {figure}[!htb]
Your command was ignored.
Type  I <command> <return>  to replace it with another command,
or  <return>  to continue without it.

<pigpio.jpg, id=79, 578.16pt x 603.0028pt>
File: pigpio.jpg Graphic file (type jpg)
<use pigpio.jpg>
Package pdftex.def Info: pigpio.jpg used on input line 159.
(pdftex.def)             Requested size: 170.71451pt x 227.61606pt.

Overfull \hbox (77.11237pt too wide) in paragraph at lines 159--160
[][] 
 []


Underfull \hbox (badness 1540) in paragraph at lines 160--160
[]\OT1/cmr/m/n/12 Figure 1.1: []Rpi
 []

<keypad.jpg, id=80, 368.1253pt x 636.12656pt>
File: keypad.jpg Graphic file (type jpg)
<use keypad.jpg>
Package pdftex.def Info: keypad.jpg used on input line 167.
(pdftex.def)             Requested size: 93.60214pt x 161.74907pt.

Underfull \hbox (badness 10000) in paragraph at lines 168--168
[]\OT1/cmr/m/n/12 Figure 1.2:
 []

! Too many }'s.
l.170 \end{figure}}
                   
You've closed more groups than you opened.
Such booboos are generally harmless, so keep going.

<lcd.png, id=81, 162.6075pt x 277.035pt>
File: lcd.png Graphic file (type png)
<use lcd.png>
Package pdftex.def Info: lcd.png used on input line 175.
(pdftex.def)             Requested size: 93.60214pt x 159.47565pt.
<loadcell.jpg, id=82, 212.29312pt x 204.765pt>
File: loadcell.jpg Graphic file (type jpg)
<use loadcell.jpg>
Package pdftex.def Info: loadcell.jpg used on input line 183.
(pdftex.def)             Requested size: 113.81055pt x 113.81462pt.

Overfull \hbox (20.2084pt too wide) in paragraph at lines 183--184
[][] 
 []

File: logo.png Graphic file (type png)
<use logo.png>
Package pdftex.def Info: logo.png used on input line 186.
(pdftex.def)             Requested size: 123.46092pt x 131.49092pt.
[3 </compile/chart.png> </compile/pigpio.jpg> </compile/keypad.jpg>]
! Too many }'s.
l.186 \end{figure}}
                   
You've closed more groups than you opened.
Such booboos are generally harmless, so keep going.

<connection1.jpg, id=91, 340.27126pt x 447.17062pt>
File: connection1.jpg Graphic file (type jpg)
<use connection1.jpg>
Package pdftex.def Info: connection1.jpg used on input line 191.
(pdftex.def)             Requested size: 93.60214pt x 123.00983pt.
<connection2.jpg, id=92, 204.01219pt x 431.36156pt>
File: connection2.jpg Graphic file (type jpg)
<use connection2.jpg>
Package pdftex.def Info: connection2.jpg used on input line 195.
(pdftex.def)             Requested size: 93.60214pt x 197.90874pt.

Underfull \hbox (badness 1540) in paragraph at lines 196--196
[]\OT1/cmr/m/n/12 Figure 1.6: []Rpi
 []

<connection3.jpg, id=93, 295.85532pt x 357.58594pt>
File: connection3.jpg Graphic file (type jpg)
<use connection3.jpg>
Package pdftex.def Info: connection3.jpg used on input line 199.
(pdftex.def)             Requested size: 93.60214pt x 113.13123pt.

Underfull \hbox (badness 1540) in paragraph at lines 200--200
[]\OT1/cmr/m/n/12 Figure 1.7: []Rpi
 []

! Too many }'s.
l.202 \end{figure}}
                   
You've closed more groups than you opened.
Such booboos are generally harmless, so keep going.

<page.png, id=95, 1028.34187pt x 578.16pt>
File: page.png Graphic file (type png)
<use page.png>
Package pdftex.def Info: page.png used on input line 208.
(pdftex.def)             Requested size: 341.4408pt x 199.16547pt.

Underfull \hbox (badness 10000) in paragraph at lines 206--209

 []


Underfull \hbox (badness 10000) in paragraph at lines 206--209

 []


Underfull \hbox (badness 10000) in paragraph at lines 206--209

 []

File: logo.png Graphic file (type png)
<use logo.png>
Package pdftex.def Info: logo.png used on input line 209.
(pdftex.def)             Requested size: 123.46092pt x 131.49092pt.
[4 </compile/lcd.png> </compile/loadcell.jpg> </compile/connection1.jpg> </comp
ile/connection2.jpg> </compile/connection3.jpg>] <1.jpg, id=106, 3276.24pt x 24
57.18pt>
File: 1.jpg Graphic file (type jpg)
<use 1.jpg>
Package pdftex.def Info: 1.jpg used on input line 212.
(pdftex.def)             Requested size: 284.50067pt x 227.58554pt.
<2.jpg, id=107, 3276.24pt x 2457.18pt>
File: 2.jpg Graphic file (type jpg)
<use 2.jpg>
Package pdftex.def Info: 2.jpg used on input line 214.
(pdftex.def)             Requested size: 369.88586pt x 227.58554pt.
<3.jpg, id=108, 1927.2pt x 1084.05pt>
File: 3.jpg Graphic file (type jpg)
<use 3.jpg>
Package pdftex.def Info: 3.jpg used on input line 216.
(pdftex.def)             Requested size: 369.87704pt x 227.60759pt.
<4.jpg, id=109, 1927.2pt x 1084.05pt>
File: 4.jpg Graphic file (type jpg)
<use 4.jpg>
Package pdftex.def Info: 4.jpg used on input line 218.
(pdftex.def)             Requested size: 369.87704pt x 227.60759pt.
<5.jpg, id=110, 1822.81pt x 986.68625pt>
File: 5.jpg Graphic file (type jpg)
<use 5.jpg>
Package pdftex.def Info: 5.jpg used on input line 220.
(pdftex.def)             Requested size: 369.86798pt x 227.61057pt.
<6.jpg, id=111, 1927.2pt x 1084.05pt>
File: 6.jpg Graphic file (type jpg)
<use 6.jpg>
Package pdftex.def Info: 6.jpg used on input line 223.
(pdftex.def)             Requested size: 369.87704pt x 227.60759pt.
<7.jpg, id=112, 1084.05pt x 1927.2pt>
File: 7.jpg Graphic file (type jpg)
<use 7.jpg>
Package pdftex.def Info: 7.jpg used on input line 225.
(pdftex.def)             Requested size: 341.42793pt x 227.60759pt.

Underfull \hbox (badness 10000) in paragraph at lines 211--227

 []


Underfull \hbox (badness 10000) in paragraph at lines 211--227

 []


Underfull \hbox (badness 10000) in paragraph at lines 211--227

 []


Underfull \hbox (badness 10000) in paragraph at lines 211--227

 []


Underfull \hbox (badness 10000) in paragraph at lines 211--227

 []


Underfull \hbox (badness 10000) in paragraph at lines 211--227

 []


Underfull \hbox (badness 10000) in paragraph at lines 211--227

 []


Underfull \hbox (badness 10000) in paragraph at lines 211--227

 []

File: logo.png Graphic file (type png)
<use logo.png>
Package pdftex.def Info: logo.png used on input line 227.
(pdftex.def)             Requested size: 123.46092pt x 131.49092pt.
[5 </compile/page.png> </compile/1.jpg>]
File: logo.png Graphic file (type png)
<use logo.png>
Package pdftex.def Info: logo.png used on input line 227.
(pdftex.def)             Requested size: 123.46092pt x 131.49092pt.
[6 </compile/2.jpg> </compile/3.jpg>]
File: logo.png Graphic file (type png)
<use logo.png>
Package pdftex.def Info: logo.png used on input line 227.
(pdftex.def)             Requested size: 123.46092pt x 131.49092pt.
[7 </compile/4.jpg> </compile/5.jpg>] <wm.jpg, id=129, 1686.3pt x 1811.76875pt>
File: wm.jpg Graphic file (type jpg)
<use wm.jpg>
Package pdftex.def Info: wm.jpg used on input line 231.
(pdftex.def)             Requested size: 199.15665pt x 199.15695pt.
File: logo.png Graphic file (type png)
<use logo.png>
Package pdftex.def Info: logo.png used on input line 233.
(pdftex.def)             Requested size: 123.46092pt x 131.49092pt.
[8 </compile/6.jpg> </compile/7.jpg>]
Underfull \hbox (badness 10000) in paragraph at lines 234--237

 []

File: logo.png Graphic file (type png)
<use logo.png>
Package pdftex.def Info: logo.png used on input line 249.
(pdftex.def)             Requested size: 123.46092pt x 131.49092pt.
[9 </compile/wm.jpg>]
File: logo.png Graphic file (type png)
<use logo.png>
Package pdftex.def Info: logo.png used on input line 252.
(pdftex.def)             Requested size: 123.46092pt x 131.49092pt.
[10]
Underfull \hbox (badness 10000) in paragraph at lines 253--254

 []


Underfull \hbox (badness 10000) in paragraph at lines 254--255

 []


Underfull \hbox (badness 10000) in paragraph at lines 255--256

 []


Underfull \hbox (badness 10000) in paragraph at lines 256--257

 []


Underfull \hbox (badness 10000) in paragraph at lines 257--258

 []


Underfull \hbox (badness 10000) in paragraph at lines 258--259

 []


Underfull \hbox (badness 10000) in paragraph at lines 259--260

 []


Underfull \hbox (badness 10000) in paragraph at lines 260--261

 []


Underfull \hbox (badness 10000) in paragraph at lines 261--262

 []


Underfull \hbox (badness 10000) in paragraph at lines 262--263
[]\OT1/cmr/m/n/12 https://www.stewright.me/2014/06/tutorial-install-mysql-serve
r-on-
 []


Underfull \hbox (badness 10000) in paragraph at lines 262--263

 []


Underfull \hbox (badness 10000) in paragraph at lines 263--264

 []


Underfull \hbox (badness 10000) in paragraph at lines 264--265

 []


Underfull \hbox (badness 10000) in paragraph at lines 265--266

 []

File: logo.png Graphic file (type png)
<use logo.png>
Package pdftex.def Info: logo.png used on input line 266.
(pdftex.def)             Requested size: 123.46092pt x 131.49092pt.
[11

pdfTeX warning (ext4): destination with the same identifier (name{cite.wavelan9
7}) has been already used, duplicate ignored

\AtBegShi@Output ...ipout \box \AtBeginShipoutBox 
                                                  \fi \fi 
l.266 \bibitem{wavelan97}
                          https://www.youtube.com/watch?v=yYnX5QodqQ4\\pdfTeX w
arning (ext4): destination with the same identifier (name{cite.wavelan97}) has 
been already used, duplicate ignored

\AtBegShi@Output ...ipout \box \AtBeginShipoutBox 
                                                  \fi \fi 
l.266 \bibitem{wavelan97}
                          https://www.youtube.com/watch?v=yYnX5QodqQ4\\pdfTeX w
arning (ext4): destination with the same identifier (name{cite.wavelan97}) has 
been already used, duplicate ignored

\AtBegShi@Output ...ipout \box \AtBeginShipoutBox 
                                                  \fi \fi 
l.266 \bibitem{wavelan97}
                          https://www.youtube.com/watch?v=yYnX5QodqQ4\\pdfTeX w
arning (ext4): destination with the same identifier (name{cite.wavelan97}) has 
been already used, duplicate ignored

\AtBegShi@Output ...ipout \box \AtBeginShipoutBox 
                                                  \fi \fi 
l.266 \bibitem{wavelan97}
                          https://www.youtube.com/watch?v=yYnX5QodqQ4\\pdfTeX w
arning (ext4): destination with the same identifier (name{cite.wavelan97}) has 
been already used, duplicate ignored

\AtBegShi@Output ...ipout \box \AtBeginShipoutBox 
                                                  \fi \fi 
l.266 \bibitem{wavelan97}
                          https://www.youtube.com/watch?v=yYnX5QodqQ4\\pdfTeX w
arning (ext4): destination with the same identifier (name{cite.wavelan97}) has 
been already used, duplicate ignored

\AtBegShi@Output ...ipout \box \AtBeginShipoutBox 
                                                  \fi \fi 
l.266 \bibitem{wavelan97}
                          https://www.youtube.com/watch?v=yYnX5QodqQ4\\pdfTeX w
arning (ext4): destination with the same identifier (name{cite.wavelan97}) has 
been already used, duplicate ignored

\AtBegShi@Output ...ipout \box \AtBeginShipoutBox 
                                                  \fi \fi 
l.266 \bibitem{wavelan97}
                          https://www.youtube.com/watch?v=yYnX5QodqQ4\\pdfTeX w
arning (ext4): destination with the same identifier (name{cite.wavelan97}) has 
been already used, duplicate ignored

\AtBegShi@Output ...ipout \box \AtBeginShipoutBox 
                                                  \fi \fi 
l.266 \bibitem{wavelan97}
                          https://www.youtube.com/watch?v=yYnX5QodqQ4\\pdfTeX w
arning (ext4): destination with the same identifier (name{cite.wavelan97}) has 
been already used, duplicate ignored

\AtBegShi@Output ...ipout \box \AtBeginShipoutBox 
                                                  \fi \fi 
l.266 \bibitem{wavelan97}
                          https://www.youtube.com/watch?v=yYnX5QodqQ4\\pdfTeX w
arning (ext4): destination with the same identifier (name{cite.wavelan97}) has 
been already used, duplicate ignored

\AtBegShi@Output ...ipout \box \AtBeginShipoutBox 
                                                  \fi \fi 
l.266 \bibitem{wavelan97}
                          https://www.youtube.com/watch?v=yYnX5QodqQ4\\]pdfTeX 
warning (ext4): destination with the same identifier (name{cite.wavelan97}) has
 been already used, duplicate ignored
<to be read again> 
                   \relax 
l.266 \bibitem{wavelan97}
                          https://www.youtube.com/watch?v=yYnX5QodqQ4\\
Underfull \hbox (badness 10000) in paragraph at lines 266--267

 []

pdfTeX warning (ext4): destination with the same identifier (name{cite.wavelan9
7}) has been already used, duplicate ignored
<to be read again> 
                   \relax 
l.267 \bibitem{wavelan97}
                          http://playground.arduino.cc/Learning/SoftwareDebo...

Underfull \hbox (badness 10000) in paragraph at lines 267--268

 []

pdfTeX warning (ext4): destination with the same identifier (name{cite.wavelan9
7}) has been already used, duplicate ignored
<to be read again> 
                   \relax 
l.268 \bibitem{wavelan97}
                          http://www.raspberrypi-spy.co.uk/2012/07/16x2-lcd-...

Underfull \hbox (badness 10000) in paragraph at lines 268--269
[]\OT1/cmr/m/n/12 http://www.raspberrypi-spy.co.uk/2012/07/16x2-lcd-module-cont
rol-
 []


Underfull \hbox (badness 10000) in paragraph at lines 268--269

 []

pdfTeX warning (ext4): destination with the same identifier (name{cite.wavelan9
7}) has been already used, duplicate ignored
<to be read again> 
                   \relax 
l.269 \bibitem{wavelan97}
                          http://code.stephenmorley.org/php/creating-downloa...

Underfull \hbox (badness 10000) in paragraph at lines 269--270

 []

pdfTeX warning (ext4): destination with the same identifier (name{cite.wavelan9
7}) has been already used, duplicate ignored
<to be read again> 
                   \relax 
l.270 \bibitem{wavelan97}
                          http://www.opencart.com/index.php?route=extension/...

Overfull \hbox (103.35126pt too wide) in paragraph at lines 270--271
[]\OT1/cmr/m/n/12 http://www.opencart.com/index.php?route=extension/extension/i
nfo&extension[]id=24594 
 []


Underfull \hbox (badness 10000) in paragraph at lines 270--271

 []

File: logo.png Graphic file (type png)
<use logo.png>
Package pdftex.def Info: logo.png used on input line 273.
(pdftex.def)             Requested size: 123.46092pt x 131.49092pt.
[12pdfTeX warning (ext4): destination with the same identifier (name{cite.wavel
an97}) has been already used, duplicate ignored

\AtBegShi@Output ...ipout \box \AtBeginShipoutBox 
                                                  \fi \fi 
l.273 \end{document}
                    pdfTeX warning (ext4): destination with the same identifier
 (name{cite.wavelan97}) has been already used, duplicate ignored

\AtBegShi@Output ...ipout \box \AtBeginShipoutBox 
                                                  \fi \fi 
l.273 \end{document}
                    ]
Package atveryend Info: Empty hook `BeforeClearDocument' on input line 273.
Package atveryend Info: Empty hook `AfterLastShipout' on input line 273.
(/compile/output.aux)
Package atveryend Info: Executing hook `AtVeryEndDocument' on input line 273.
Package atveryend Info: Executing hook `AtEndAfterFileList' on input line 273.
Package rerunfilecheck Info: File `output.out' has not changed.
(rerunfilecheck)             Checksum: 7BF2E8FE52CCF4ED736DB0F56A1876B4;569.

LaTeX Warning: There were multiply-defined labels.

Package atveryend Info: Empty hook `AtVeryVeryEnd' on input line 273.
 ) 
Here is how much of TeX's memory you used:
 29427 strings out of 493054
 583692 string characters out of 6134766
 666214 words of memory out of 5000000
 32505 multiletter control sequences out of 15000+600000
 11201 words of font info for 40 fonts, out of 8000000 for 9000
 1141 hyphenation exceptions out of 8191
 63i,11n,101p,10543b,843s stack positions out of 5000i,500n,10000p,200000b,80000s
</usr/local/texlive/2015/texmf-dist/fonts/type1/public/amsfonts/cm/cmbx12.pfb
></usr/local/texlive/2015/texmf-dist/fonts/type1/public/amsfonts/cm/cmcsc10.pfb
></usr/local/texlive/2015/texmf-dist/fonts/type1/public/amsfonts/cm/cmmi12.pfb>
</usr/local/texlive/2015/texmf-dist/fonts/type1/public/amsfonts/cm/cmr12.pfb></
usr/local/texlive/2015/texmf-dist/fonts/type1/public/amsfonts/cm/cmr17.pfb></us
r/local/texlive/2015/texmf-dist/fonts/type1/public/amsfonts/cm/cmsy10.pfb></usr
/local/texlive/2015/texmf-dist/fonts/type1/public/amsfonts/cm/cmti12.pfb>
Output written on /compile/output.pdf (13 pages, 9352690 bytes).
PDF statistics:
 191 PDF objects out of 1000 (max. 8388607)
 147 compressed objects within 2 object streams
 31 named destinations out of 1000 (max. 500000)
 175 words of extra memory for PDF output out of 10000 (max. 10000000)

